{"C:\\Users\\fabri\\Desktop\\2 DAW\\DWEC\\ACTIVIDAD\\checkoutTiendaOnline\\src\\components\\checkout\\CheckoutWizard.vue": {"path":"C:\\Users\\fabri\\Desktop\\2 DAW\\DWEC\\ACTIVIDAD\\checkoutTiendaOnline\\src\\components\\checkout\\CheckoutWizard.vue","statementMap":{"0":{"start":{"line":12,"column":41},"end":{"line":12,"column":null}},"1":{"start":{"line":13,"column":49},"end":{"line":13,"column":null}},"2":{"start":{"line":15,"column":0},"end":{"line":19,"column":null}},"3":{"start":{"line":16,"column":4},"end":{"line":18,"column":null}},"4":{"start":{"line":21,"column":22},"end":{"line":25,"column":null}},"5":{"start":{"line":22,"column":4},"end":{"line":22,"column":null}},"6":{"start":{"line":23,"column":4},"end":{"line":23,"column":null}},"7":{"start":{"line":24,"column":4},"end":{"line":24,"column":null}},"8":{"start":{"line":29,"column":9},"end":{"line":29,"column":null}},"9":{"start":{"line":31,"column":13},"end":{"line":31,"column":null}},"10":{"start":{"line":29,"column":4},"end":{"line":39,"column":null}}},"fnMap":{"0":{"name":"(anonymous_0)","decl":{"start":{"line":15,"column":10},"end":{"line":15,"column":16}},"loc":{"start":{"line":15,"column":16},"end":{"line":19,"column":1}},"line":15},"1":{"name":"(anonymous_1)","decl":{"start":{"line":21,"column":22},"end":{"line":21,"column":28}},"loc":{"start":{"line":21,"column":28},"end":{"line":25,"column":null}},"line":21}},"branchMap":{"0":{"loc":{"start":{"line":16,"column":4},"end":{"line":18,"column":null}},"type":"if","locations":[{"start":{"line":16,"column":4},"end":{"line":18,"column":null}},{"start":{},"end":{}}],"line":16},"1":{"loc":{"start":{"line":33,"column":17},"end":{"line":33,"column":189}},"type":"cond-expr","locations":[{"start":{"line":33,"column":37},"end":{"line":33,"column":70}},{"start":{"line":33,"column":70},"end":{"line":33,"column":189}}],"line":33},"2":{"loc":{"start":{"line":33,"column":70},"end":{"line":33,"column":189}},"type":"cond-expr","locations":[{"start":{"line":33,"column":90},"end":{"line":33,"column":124}},{"start":{"line":33,"column":124},"end":{"line":33,"column":189}}],"line":33},"3":{"loc":{"start":{"line":33,"column":124},"end":{"line":33,"column":189}},"type":"cond-expr","locations":[{"start":{"line":33,"column":144},"end":{"line":33,"column":177}},{"start":{"line":33,"column":177},"end":{"line":33,"column":189}}],"line":33}},"s":{"0":1,"1":1,"2":1,"3":1,"4":1,"5":0,"6":0,"7":0,"8":1,"9":1,"10":1},"f":{"0":1,"1":0},"b":{"0":[0,1],"1":[1,0],"2":[0,0],"3":[0,0]},"meta":{"lastBranch":0,"lastFunction":0,"lastStatement":0,"seen":{}}}
,"C:\\Users\\fabri\\Desktop\\2 DAW\\DWEC\\ACTIVIDAD\\checkoutTiendaOnline\\src\\components\\checkout\\NavigationButtons.vue": {"path":"C:\\Users\\fabri\\Desktop\\2 DAW\\DWEC\\ACTIVIDAD\\checkoutTiendaOnline\\src\\components\\checkout\\NavigationButtons.vue","statementMap":{"0":{"start":{"line":9,"column":13},"end":{"line":9,"column":null}},"1":{"start":{"line":13,"column":9},"end":{"line":13,"column":null}},"2":{"start":{"line":13,"column":4},"end":{"line":29,"column":17}},"3":{"start":{"line":18,"column":16},"end":{"line":18,"column":null}}},"fnMap":{"0":{"name":"(anonymous_0)","decl":{"start":{"line":18,"column":14},"end":{"line":18,"column":16}},"loc":{"start":{"line":18,"column":16},"end":{"line":18,"column":null}},"line":18}},"branchMap":{"0":{"loc":{"start":{"line":15,"column":14},"end":{"line":22,"column":27}},"type":"cond-expr","locations":[{"start":{"line":15,"column":14},"end":{"line":21,"column":17}},{"start":{"line":21,"column":8},"end":{"line":22,"column":27}}],"line":15},"1":{"loc":{"start":{"line":18,"column":14},"end":{"line":18,"column":null}},"type":"binary-expr","locations":[{"start":{"line":18,"column":14},"end":{"line":18,"column":16}},{"start":{"line":18,"column":14},"end":{"line":18,"column":null}}],"line":18},"2":{"loc":{"start":{"line":22,"column":26},"end":{"line":22,"column":27}},"type":"binary-expr","locations":[{"start":{"line":22,"column":26},"end":{"line":22,"column":27}},{"start":{"line":22,"column":26},"end":{"line":22,"column":27}}],"line":22},"3":{"loc":{"start":{"line":23,"column":14},"end":{"line":29,"column":17}},"type":"cond-expr","locations":[{"start":{"line":23,"column":14},"end":{"line":29,"column":17}},{"start":{"line":29,"column":8},"end":{"line":29,"column":17}}],"line":23},"4":{"loc":{"start":{"line":28,"column":11},"end":{"line":28,"column":43}},"type":"binary-expr","locations":[{"start":{"line":28,"column":11},"end":{"line":28,"column":20}},{"start":{"line":28,"column":20},"end":{"line":28,"column":43}}],"line":28}},"s":{"0":3,"1":2,"2":3,"3":0},"f":{"0":0},"b":{"0":[3,0],"1":[3,3],"2":[3,3],"3":[3,0],"4":[3,0]},"meta":{"lastBranch":0,"lastFunction":0,"lastStatement":0,"seen":{}}}
,"C:\\Users\\fabri\\Desktop\\2 DAW\\DWEC\\ACTIVIDAD\\checkoutTiendaOnline\\src\\components\\checkout\\Step1Billing.vue": {"path":"C:\\Users\\fabri\\Desktop\\2 DAW\\DWEC\\ACTIVIDAD\\checkoutTiendaOnline\\src\\components\\checkout\\Step1Billing.vue","statementMap":{"0":{"start":{"line":11,"column":13},"end":{"line":11,"column":null}},"1":{"start":{"line":14,"column":15},"end":{"line":14,"column":null}},"2":{"start":{"line":15,"column":27},"end":{"line":15,"column":null}},"3":{"start":{"line":19,"column":44},"end":{"line":22,"column":null}},"4":{"start":{"line":26,"column":0},"end":{"line":29,"column":null}},"5":{"start":{"line":28,"column":4},"end":{"line":28,"column":null}},"6":{"start":{"line":34,"column":0},"end":{"line":45,"column":null}},"7":{"start":{"line":34,"column":12},"end":{"line":34,"column":33}},"8":{"start":{"line":36,"column":4},"end":{"line":44,"column":null}},"9":{"start":{"line":37,"column":26},"end":{"line":37,"column":null}},"10":{"start":{"line":39,"column":8},"end":{"line":43,"column":null}},"11":{"start":{"line":41,"column":8},"end":{"line":41,"column":null}},"12":{"start":{"line":42,"column":8},"end":{"line":42,"column":null}},"13":{"start":{"line":48,"column":15},"end":{"line":52,"column":null}},"14":{"start":{"line":50,"column":4},"end":{"line":50,"column":null}},"15":{"start":{"line":51,"column":4},"end":{"line":51,"column":null}},"16":{"start":{"line":57,"column":9},"end":{"line":57,"column":null}},"17":{"start":{"line":70,"column":17},"end":{"line":70,"column":null}},"18":{"start":{"line":57,"column":4},"end":{"line":86,"column":25}},"19":{"start":{"line":60,"column":31},"end":{"line":60,"column":37}}},"fnMap":{"0":{"name":"(anonymous_0)","decl":{"start":{"line":26,"column":14},"end":{"line":26,"column":15}},"loc":{"start":{"line":26,"column":29},"end":{"line":29,"column":3}},"line":26},"1":{"name":"(anonymous_1)","decl":{"start":{"line":34,"column":6},"end":{"line":34,"column":12}},"loc":{"start":{"line":34,"column":12},"end":{"line":34,"column":33}},"line":34},"2":{"name":"(anonymous_2)","decl":{"start":{"line":34,"column":33},"end":{"line":34,"column":40}},"loc":{"start":{"line":34,"column":52},"end":{"line":45,"column":1}},"line":34},"3":{"name":"(anonymous_3)","decl":{"start":{"line":48,"column":28},"end":{"line":48,"column":34}},"loc":{"start":{"line":48,"column":34},"end":{"line":52,"column":1}},"line":48},"4":{"name":"(anonymous_4)","decl":{"start":{"line":60,"column":21},"end":{"line":60,"column":31}},"loc":{"start":{"line":60,"column":31},"end":{"line":60,"column":37}},"line":60}},"branchMap":{"0":{"loc":{"start":{"line":36,"column":4},"end":{"line":44,"column":null}},"type":"if","locations":[{"start":{"line":36,"column":4},"end":{"line":44,"column":null}},{"start":{},"end":{}}],"line":36},"1":{"loc":{"start":{"line":36,"column":8},"end":{"line":36,"column":66}},"type":"binary-expr","locations":[{"start":{"line":36,"column":8},"end":{"line":36,"column":19}},{"start":{"line":36,"column":19},"end":{"line":36,"column":43}},{"start":{"line":36,"column":43},"end":{"line":36,"column":66}}],"line":36},"2":{"loc":{"start":{"line":39,"column":8},"end":{"line":43,"column":null}},"type":"if","locations":[{"start":{"line":39,"column":8},"end":{"line":43,"column":null}},{"start":{},"end":{}}],"line":39},"3":{"loc":{"start":{"line":39,"column":12},"end":{"line":39,"column":73}},"type":"binary-expr","locations":[{"start":{"line":39,"column":12},"end":{"line":39,"column":32}},{"start":{"line":39,"column":32},"end":{"line":39,"column":52}},{"start":{"line":39,"column":52},"end":{"line":39,"column":73}}],"line":39},"4":{"loc":{"start":{"line":90,"column":10},"end":{"line":58,"column":56}},"type":"binary-expr","locations":[{"start":{"line":90,"column":10},"end":{"line":90,"column":null}},{"start":{"line":90,"column":10},"end":{"line":58,"column":56}}],"line":90},"5":{"loc":{"start":{"line":60,"column":21},"end":{"line":60,"column":39}},"type":"binary-expr","locations":[{"start":{"line":60,"column":21},"end":{"line":60,"column":31}},{"start":{"line":60,"column":21},"end":{"line":60,"column":39}}],"line":60},"6":{"loc":{"start":{"line":60,"column":31},"end":{"line":60,"column":37}},"type":"binary-expr","locations":[{"start":{"line":60,"column":31},"end":{"line":60,"column":37}},{"start":{"line":60,"column":31},"end":{"line":60,"column":37}}],"line":60},"7":{"loc":{"start":{"line":81,"column":12},"end":{"line":86,"column":25}},"type":"binary-expr","locations":[{"start":{"line":81,"column":12},"end":{"line":81,"column":17}},{"start":{"line":81,"column":12},"end":{"line":86,"column":25}}],"line":81}},"s":{"0":4,"1":4,"2":4,"3":4,"4":4,"5":8,"6":4,"7":5,"8":1,"9":1,"10":0,"11":0,"12":0,"13":4,"14":0,"15":0,"16":2,"17":2,"18":4,"19":2},"f":{"0":8,"1":5,"2":1,"3":0,"4":2},"b":{"0":[1,0],"1":[1,1,1],"2":[0,0],"3":[0,0,0],"4":[4,4],"5":[4,4],"6":[2,2],"7":[4,4]},"meta":{"lastBranch":0,"lastFunction":0,"lastStatement":0,"seen":{}}}
,"C:\\Users\\fabri\\Desktop\\2 DAW\\DWEC\\ACTIVIDAD\\checkoutTiendaOnline\\src\\components\\checkout\\Step2Shipping.vue": {"path":"C:\\Users\\fabri\\Desktop\\2 DAW\\DWEC\\ACTIVIDAD\\checkoutTiendaOnline\\src\\components\\checkout\\Step2Shipping.vue","statementMap":{"0":{"start":{"line":10,"column":13},"end":{"line":10,"column":null}},"1":{"start":{"line":11,"column":15},"end":{"line":11,"column":null}},"2":{"start":{"line":12,"column":21},"end":{"line":12,"column":null}},"3":{"start":{"line":15,"column":44},"end":{"line":18,"column":null}},"4":{"start":{"line":20,"column":30},"end":{"line":20,"column":null}},"5":{"start":{"line":23,"column":0},"end":{"line":30,"column":null}},"6":{"start":{"line":24,"column":4},"end":{"line":26,"column":null}},"7":{"start":{"line":25,"column":8},"end":{"line":25,"column":null}},"8":{"start":{"line":27,"column":4},"end":{"line":29,"column":null}},"9":{"start":{"line":28,"column":8},"end":{"line":28,"column":null}},"10":{"start":{"line":32,"column":0},"end":{"line":40,"column":null}},"11":{"start":{"line":32,"column":12},"end":{"line":32,"column":40}},"12":{"start":{"line":33,"column":4},"end":{"line":39,"column":null}},"13":{"start":{"line":34,"column":26},"end":{"line":34,"column":null}},"14":{"start":{"line":35,"column":8},"end":{"line":38,"column":null}},"15":{"start":{"line":36,"column":8},"end":{"line":36,"column":null}},"16":{"start":{"line":37,"column":8},"end":{"line":37,"column":null}},"17":{"start":{"line":42,"column":15},"end":{"line":51,"column":null}},"18":{"start":{"line":43,"column":4},"end":{"line":47,"column":null}},"19":{"start":{"line":45,"column":8},"end":{"line":45,"column":null}},"20":{"start":{"line":46,"column":8},"end":{"line":46,"column":null}},"21":{"start":{"line":49,"column":4},"end":{"line":49,"column":null}},"22":{"start":{"line":50,"column":4},"end":{"line":50,"column":null}},"23":{"start":{"line":55,"column":9},"end":{"line":55,"column":null}},"24":{"start":{"line":60,"column":13},"end":{"line":60,"column":null}},"25":{"start":{"line":61,"column":19},"end":{"line":61,"column":null}},"26":{"start":{"line":82,"column":17},"end":{"line":82,"column":null}},"27":{"start":{"line":94,"column":17},"end":{"line":94,"column":null}},"28":{"start":{"line":100,"column":23},"end":{"line":100,"column":null}},"29":{"start":{"line":108,"column":13},"end":{"line":108,"column":null}},"30":{"start":{"line":55,"column":4},"end":{"line":115,"column":21}},"31":{"start":{"line":58,"column":31},"end":{"line":58,"column":37}},"32":{"start":{"line":65,"column":25},"end":{"line":65,"column":null}},"33":{"start":{"line":105,"column":18},"end":{"line":102,"column":24}},"34":{"start":{"line":109,"column":68},"end":{"line":109,"column":82}}},"fnMap":{"0":{"name":"(anonymous_0)","decl":{"start":{"line":23,"column":14},"end":{"line":23,"column":15}},"loc":{"start":{"line":23,"column":29},"end":{"line":30,"column":3}},"line":23},"1":{"name":"(anonymous_1)","decl":{"start":{"line":32,"column":6},"end":{"line":32,"column":12}},"loc":{"start":{"line":32,"column":12},"end":{"line":32,"column":40}},"line":32},"2":{"name":"(anonymous_2)","decl":{"start":{"line":32,"column":40},"end":{"line":32,"column":47}},"loc":{"start":{"line":32,"column":59},"end":{"line":40,"column":1}},"line":32},"3":{"name":"(anonymous_3)","decl":{"start":{"line":42,"column":28},"end":{"line":42,"column":34}},"loc":{"start":{"line":42,"column":34},"end":{"line":51,"column":1}},"line":42},"4":{"name":"(anonymous_4)","decl":{"start":{"line":58,"column":21},"end":{"line":58,"column":31}},"loc":{"start":{"line":58,"column":31},"end":{"line":58,"column":37}},"line":58},"5":{"name":"(anonymous_5)","decl":{"start":{"line":64,"column":21},"end":{"line":64,"column":null}},"loc":{"start":{"line":65,"column":25},"end":{"line":65,"column":null}},"line":65},"6":{"name":"(anonymous_6)","decl":{"start":{"line":73,"column":12},"end":{"line":73,"column":24}},"loc":{"start":{"line":105,"column":18},"end":{"line":102,"column":24}},"line":105},"7":{"name":"(anonymous_7)","decl":{"start":{"line":109,"column":66},"end":{"line":109,"column":68}},"loc":{"start":{"line":109,"column":68},"end":{"line":109,"column":82}},"line":109}},"branchMap":{"0":{"loc":{"start":{"line":24,"column":4},"end":{"line":26,"column":null}},"type":"if","locations":[{"start":{"line":24,"column":4},"end":{"line":26,"column":null}},{"start":{},"end":{}}],"line":24},"1":{"loc":{"start":{"line":27,"column":4},"end":{"line":29,"column":null}},"type":"if","locations":[{"start":{"line":27,"column":4},"end":{"line":29,"column":null}},{"start":{},"end":{}}],"line":27},"2":{"loc":{"start":{"line":27,"column":8},"end":{"line":27,"column":54}},"type":"binary-expr","locations":[{"start":{"line":27,"column":8},"end":{"line":27,"column":37}},{"start":{"line":27,"column":37},"end":{"line":27,"column":54}}],"line":27},"3":{"loc":{"start":{"line":33,"column":4},"end":{"line":39,"column":null}},"type":"if","locations":[{"start":{"line":33,"column":4},"end":{"line":39,"column":null}},{"start":{},"end":{}}],"line":33},"4":{"loc":{"start":{"line":33,"column":8},"end":{"line":33,"column":66}},"type":"binary-expr","locations":[{"start":{"line":33,"column":8},"end":{"line":33,"column":19}},{"start":{"line":33,"column":19},"end":{"line":33,"column":43}},{"start":{"line":33,"column":43},"end":{"line":33,"column":66}}],"line":33},"5":{"loc":{"start":{"line":35,"column":8},"end":{"line":38,"column":null}},"type":"if","locations":[{"start":{"line":35,"column":8},"end":{"line":38,"column":null}},{"start":{},"end":{}}],"line":35},"6":{"loc":{"start":{"line":35,"column":12},"end":{"line":35,"column":73}},"type":"binary-expr","locations":[{"start":{"line":35,"column":12},"end":{"line":35,"column":32}},{"start":{"line":35,"column":32},"end":{"line":35,"column":52}},{"start":{"line":35,"column":52},"end":{"line":35,"column":73}}],"line":35},"7":{"loc":{"start":{"line":43,"column":4},"end":{"line":47,"column":null}},"type":"if","locations":[{"start":{"line":43,"column":4},"end":{"line":47,"column":null}},{"start":{},"end":{}}],"line":43},"8":{"loc":{"start":{"line":119,"column":10},"end":{"line":56,"column":54}},"type":"binary-expr","locations":[{"start":{"line":119,"column":10},"end":{"line":119,"column":null}},{"start":{"line":119,"column":10},"end":{"line":56,"column":54}}],"line":119},"9":{"loc":{"start":{"line":58,"column":21},"end":{"line":58,"column":null}},"type":"binary-expr","locations":[{"start":{"line":58,"column":21},"end":{"line":58,"column":31}},{"start":{"line":58,"column":21},"end":{"line":58,"column":null}}],"line":58},"10":{"loc":{"start":{"line":58,"column":31},"end":{"line":58,"column":37}},"type":"binary-expr","locations":[{"start":{"line":58,"column":31},"end":{"line":58,"column":37}},{"start":{"line":58,"column":31},"end":{"line":58,"column":37}}],"line":58},"11":{"loc":{"start":{"line":64,"column":21},"end":{"line":65,"column":null}},"type":"binary-expr","locations":[{"start":{"line":64,"column":21},"end":{"line":64,"column":null}},{"start":{"line":64,"column":21},"end":{"line":65,"column":null}}],"line":64},"12":{"loc":{"start":{"line":68,"column":12},"end":{"line":68,"column":82}},"type":"binary-expr","locations":[{"start":{"line":68,"column":12},"end":{"line":68,"column":18}},{"start":{"line":68,"column":12},"end":{"line":68,"column":82}}],"line":68},"13":{"loc":{"start":{"line":105,"column":18},"end":{"line":102,"column":24}},"type":"cond-expr","locations":[{"start":{"line":73,"column":24},"end":{"line":102,"column":24}}],"line":105},"14":{"loc":{"start":{"line":105,"column":18},"end":{"line":75,"column":68}},"type":"binary-expr","locations":[{"start":{"line":105,"column":18},"end":{"line":105,"column":null}},{"start":{"line":105,"column":18},"end":{"line":75,"column":68}}],"line":105},"15":{"loc":{"start":{"line":101,"column":20},"end":{"line":101,"column":55}},"type":"binary-expr","locations":[{"start":{"line":101,"column":20},"end":{"line":101,"column":47}},{"start":{"line":101,"column":47},"end":{"line":101,"column":55}}],"line":101},"16":{"loc":{"start":{"line":109,"column":66},"end":{"line":109,"column":82}},"type":"binary-expr","locations":[{"start":{"line":109,"column":66},"end":{"line":109,"column":68}},{"start":{"line":109,"column":66},"end":{"line":109,"column":82}}],"line":109},"17":{"loc":{"start":{"line":111,"column":12},"end":{"line":115,"column":21}},"type":"binary-expr","locations":[{"start":{"line":111,"column":12},"end":{"line":111,"column":21}},{"start":{"line":111,"column":12},"end":{"line":115,"column":21}}],"line":111}},"s":{"0":3,"1":3,"2":3,"3":3,"4":3,"5":3,"6":3,"7":3,"8":3,"9":3,"10":3,"11":3,"12":0,"13":0,"14":0,"15":0,"16":0,"17":3,"18":1,"19":0,"20":0,"21":1,"22":1,"23":2,"24":2,"25":2,"26":2,"27":2,"28":2,"29":2,"30":4,"31":1,"32":1,"33":4,"34":0},"f":{"0":3,"1":3,"2":0,"3":1,"4":1,"5":1,"6":4,"7":0},"b":{"0":[3,0],"1":[3,0],"2":[3,3],"3":[0,0],"4":[0,0,0],"5":[0,0],"6":[0,0,0],"7":[0,1],"8":[4,3],"9":[4,3],"10":[1,1],"11":[4,3],"12":[4,3],"13":[2,null],"14":[2,2],"15":[2,2],"16":[4,3],"17":[4,3]},"meta":{"lastBranch":0,"lastFunction":0,"lastStatement":0,"seen":{}}}
,"C:\\Users\\fabri\\Desktop\\2 DAW\\DWEC\\ACTIVIDAD\\checkoutTiendaOnline\\src\\components\\checkout\\Step3Payment.vue": {"path":"C:\\Users\\fabri\\Desktop\\2 DAW\\DWEC\\ACTIVIDAD\\checkoutTiendaOnline\\src\\components\\checkout\\Step3Payment.vue","statementMap":{"0":{"start":{"line":13,"column":13},"end":{"line":13,"column":null}},"1":{"start":{"line":14,"column":15},"end":{"line":14,"column":null}},"2":{"start":{"line":15,"column":20},"end":{"line":15,"column":null}},"3":{"start":{"line":18,"column":29},"end":{"line":21,"column":null}},"4":{"start":{"line":24,"column":26},"end":{"line":24,"column":null}},"5":{"start":{"line":27,"column":0},"end":{"line":29,"column":null}},"6":{"start":{"line":28,"column":4},"end":{"line":28,"column":null}},"7":{"start":{"line":31,"column":15},"end":{"line":33,"column":null}},"8":{"start":{"line":32,"column":4},"end":{"line":32,"column":null}},"9":{"start":{"line":37,"column":9},"end":{"line":37,"column":null}},"10":{"start":{"line":42,"column":13},"end":{"line":42,"column":null}},"11":{"start":{"line":69,"column":13},"end":{"line":69,"column":null}},"12":{"start":{"line":37,"column":4},"end":{"line":82,"column":null}},"13":{"start":{"line":40,"column":31},"end":{"line":40,"column":37}},"14":{"start":{"line":45,"column":57},"end":{"line":45,"column":69}},"15":{"start":{"line":51,"column":56},"end":{"line":51,"column":68}},"16":{"start":{"line":57,"column":55},"end":{"line":57,"column":67}},"17":{"start":{"line":63,"column":63},"end":{"line":63,"column":75}},"18":{"start":{"line":82,"column":19},"end":{"line":82,"column":null}}},"fnMap":{"0":{"name":"(anonymous_0)","decl":{"start":{"line":27,"column":14},"end":{"line":27,"column":15}},"loc":{"start":{"line":27,"column":29},"end":{"line":29,"column":3}},"line":27},"1":{"name":"(anonymous_1)","decl":{"start":{"line":31,"column":28},"end":{"line":31,"column":34}},"loc":{"start":{"line":31,"column":34},"end":{"line":33,"column":1}},"line":31},"2":{"name":"(anonymous_2)","decl":{"start":{"line":40,"column":21},"end":{"line":40,"column":31}},"loc":{"start":{"line":40,"column":31},"end":{"line":40,"column":37}},"line":40},"3":{"name":"(anonymous_3)","decl":{"start":{"line":45,"column":38},"end":{"line":45,"column":57}},"loc":{"start":{"line":45,"column":57},"end":{"line":45,"column":69}},"line":45},"4":{"name":"(anonymous_4)","decl":{"start":{"line":51,"column":38},"end":{"line":51,"column":56}},"loc":{"start":{"line":51,"column":56},"end":{"line":51,"column":68}},"line":51},"5":{"name":"(anonymous_5)","decl":{"start":{"line":57,"column":38},"end":{"line":57,"column":55}},"loc":{"start":{"line":57,"column":55},"end":{"line":57,"column":67}},"line":57},"6":{"name":"(anonymous_6)","decl":{"start":{"line":63,"column":38},"end":{"line":63,"column":63}},"loc":{"start":{"line":63,"column":63},"end":{"line":63,"column":75}},"line":63},"7":{"name":"(anonymous_7)","decl":{"start":{"line":82,"column":17},"end":{"line":82,"column":19}},"loc":{"start":{"line":82,"column":19},"end":{"line":82,"column":null}},"line":82}},"branchMap":{"0":{"loc":{"start":{"line":86,"column":10},"end":{"line":38,"column":50}},"type":"binary-expr","locations":[{"start":{"line":86,"column":10},"end":{"line":86,"column":null}},{"start":{"line":86,"column":10},"end":{"line":38,"column":50}}],"line":86},"1":{"loc":{"start":{"line":40,"column":21},"end":{"line":40,"column":null}},"type":"binary-expr","locations":[{"start":{"line":40,"column":21},"end":{"line":40,"column":31}},{"start":{"line":40,"column":21},"end":{"line":40,"column":null}}],"line":40},"2":{"loc":{"start":{"line":40,"column":31},"end":{"line":40,"column":37}},"type":"binary-expr","locations":[{"start":{"line":40,"column":31},"end":{"line":40,"column":37}},{"start":{"line":40,"column":31},"end":{"line":40,"column":37}}],"line":40},"3":{"loc":{"start":{"line":45,"column":38},"end":{"line":45,"column":69}},"type":"binary-expr","locations":[{"start":{"line":45,"column":38},"end":{"line":45,"column":57}},{"start":{"line":45,"column":38},"end":{"line":45,"column":69}}],"line":45},"4":{"loc":{"start":{"line":46,"column":12},"end":{"line":46,"column":40}},"type":"binary-expr","locations":[{"start":{"line":46,"column":12},"end":{"line":46,"column":18}},{"start":{"line":46,"column":12},"end":{"line":46,"column":40}}],"line":46},"5":{"loc":{"start":{"line":46,"column":33},"end":{"line":47,"column":45}},"type":"binary-expr","locations":[{"start":{"line":46,"column":33},"end":{"line":46,"column":40}},{"start":{"line":46,"column":33},"end":{"line":47,"column":45}}],"line":46},"6":{"loc":{"start":{"line":51,"column":38},"end":{"line":51,"column":68}},"type":"binary-expr","locations":[{"start":{"line":51,"column":38},"end":{"line":51,"column":56}},{"start":{"line":51,"column":38},"end":{"line":51,"column":68}}],"line":51},"7":{"loc":{"start":{"line":52,"column":12},"end":{"line":52,"column":41}},"type":"binary-expr","locations":[{"start":{"line":52,"column":12},"end":{"line":52,"column":18}},{"start":{"line":52,"column":12},"end":{"line":52,"column":41}}],"line":52},"8":{"loc":{"start":{"line":52,"column":34},"end":{"line":53,"column":44}},"type":"binary-expr","locations":[{"start":{"line":52,"column":34},"end":{"line":52,"column":41}},{"start":{"line":52,"column":34},"end":{"line":53,"column":44}}],"line":52},"9":{"loc":{"start":{"line":57,"column":38},"end":{"line":57,"column":67}},"type":"binary-expr","locations":[{"start":{"line":57,"column":38},"end":{"line":57,"column":55}},{"start":{"line":57,"column":38},"end":{"line":57,"column":67}}],"line":57},"10":{"loc":{"start":{"line":58,"column":12},"end":{"line":58,"column":40}},"type":"binary-expr","locations":[{"start":{"line":58,"column":12},"end":{"line":58,"column":18}},{"start":{"line":58,"column":12},"end":{"line":58,"column":40}}],"line":58},"11":{"loc":{"start":{"line":58,"column":33},"end":{"line":59,"column":43}},"type":"binary-expr","locations":[{"start":{"line":58,"column":33},"end":{"line":58,"column":40}},{"start":{"line":58,"column":33},"end":{"line":59,"column":43}}],"line":58},"12":{"loc":{"start":{"line":63,"column":38},"end":{"line":63,"column":75}},"type":"binary-expr","locations":[{"start":{"line":63,"column":38},"end":{"line":63,"column":63}},{"start":{"line":63,"column":38},"end":{"line":63,"column":75}}],"line":63},"13":{"loc":{"start":{"line":64,"column":12},"end":{"line":64,"column":40}},"type":"binary-expr","locations":[{"start":{"line":64,"column":12},"end":{"line":64,"column":18}},{"start":{"line":64,"column":12},"end":{"line":64,"column":40}}],"line":64},"14":{"loc":{"start":{"line":64,"column":33},"end":{"line":65,"column":45}},"type":"binary-expr","locations":[{"start":{"line":64,"column":33},"end":{"line":64,"column":40}},{"start":{"line":64,"column":33},"end":{"line":65,"column":45}}],"line":64},"15":{"loc":{"start":{"line":70,"column":34},"end":{"line":70,"column":null}},"type":"cond-expr","locations":[{"start":{"line":70,"column":44},"end":{"line":70,"column":null}},{"start":{"line":70,"column":62},"end":{"line":70,"column":null}}],"line":70},"16":{"loc":{"start":{"line":71,"column":30},"end":{"line":71,"column":null}},"type":"cond-expr","locations":[{"start":{"line":71,"column":40},"end":{"line":71,"column":null}},{"start":{"line":71,"column":57},"end":{"line":71,"column":null}}],"line":71},"17":{"loc":{"start":{"line":72,"column":29},"end":{"line":72,"column":null}},"type":"cond-expr","locations":[{"start":{"line":72,"column":39},"end":{"line":72,"column":null}},{"start":{"line":72,"column":55},"end":{"line":72,"column":null}}],"line":72},"18":{"loc":{"start":{"line":73,"column":32},"end":{"line":73,"column":null}},"type":"cond-expr","locations":[{"start":{"line":73,"column":42},"end":{"line":73,"column":null}},{"start":{"line":73,"column":66},"end":{"line":73,"column":null}}],"line":73},"19":{"loc":{"start":{"line":82,"column":17},"end":{"line":82,"column":null}},"type":"binary-expr","locations":[{"start":{"line":82,"column":17},"end":{"line":82,"column":19}},{"start":{"line":82,"column":17},"end":{"line":82,"column":null}}],"line":82}},"s":{"0":3,"1":3,"2":3,"3":3,"4":3,"5":3,"6":2,"7":3,"8":0,"9":2,"10":2,"11":2,"12":4,"13":1,"14":0,"15":0,"16":1,"17":0,"18":0},"f":{"0":2,"1":0,"2":1,"3":0,"4":0,"5":1,"6":0,"7":0},"b":{"0":[4,3],"1":[4,3],"2":[1,1],"3":[4,3],"4":[4,3],"5":[4,3],"6":[4,3],"7":[4,3],"8":[4,3],"9":[4,3],"10":[4,3],"11":[4,3],"12":[4,3],"13":[4,3],"14":[4,3],"15":[2,2],"16":[0,4],"17":[2,2],"18":[0,4],"19":[4,3]},"meta":{"lastBranch":0,"lastFunction":0,"lastStatement":0,"seen":{}}}
,"C:\\Users\\fabri\\Desktop\\2 DAW\\DWEC\\ACTIVIDAD\\checkoutTiendaOnline\\src\\components\\checkout\\Step4Summary.vue": {"path":"C:\\Users\\fabri\\Desktop\\2 DAW\\DWEC\\ACTIVIDAD\\checkoutTiendaOnline\\src\\components\\checkout\\Step4Summary.vue","statementMap":{"0":{"start":{"line":6,"column":13},"end":{"line":6,"column":null}},"1":{"start":{"line":7,"column":15},"end":{"line":7,"column":null}},"2":{"start":{"line":10,"column":6},"end":{"line":10,"column":null}},"3":{"start":{"line":11,"column":6},"end":{"line":11,"column":null}},"4":{"start":{"line":12,"column":6},"end":{"line":12,"column":null}},"5":{"start":{"line":15,"column":13},"end":{"line":18,"column":null}},"6":{"start":{"line":21,"column":6},"end":{"line":21,"column":null}},"7":{"start":{"line":21,"column":32},"end":{"line":21,"column":79}},"8":{"start":{"line":21,"column":59},"end":{"line":21,"column":77}},"9":{"start":{"line":22,"column":6},"end":{"line":22,"column":null}},"10":{"start":{"line":22,"column":36},"end":{"line":22,"column":81}},"11":{"start":{"line":23,"column":6},"end":{"line":23,"column":null}},"12":{"start":{"line":23,"column":29},"end":{"line":23,"column":64}},"13":{"start":{"line":25,"column":6},"end":{"line":25,"column":null}},"14":{"start":{"line":25,"column":34},"end":{"line":25,"column":78}},"15":{"start":{"line":27,"column":18},"end":{"line":31,"column":null}},"16":{"start":{"line":28,"column":4},"end":{"line":30,"column":null}},"17":{"start":{"line":29,"column":8},"end":{"line":29,"column":null}},"18":{"start":{"line":35,"column":9},"end":{"line":35,"column":null}},"19":{"start":{"line":38,"column":13},"end":{"line":38,"column":null}},"20":{"start":{"line":40,"column":13},"end":{"line":40,"column":null}},"21":{"start":{"line":41,"column":17},"end":{"line":41,"column":null}},"22":{"start":{"line":49,"column":17},"end":{"line":49,"column":null}},"23":{"start":{"line":59,"column":17},"end":{"line":59,"column":null}},"24":{"start":{"line":61,"column":31},"end":{"line":61,"column":53}},"25":{"start":{"line":68,"column":13},"end":{"line":68,"column":null}},"26":{"start":{"line":71,"column":17},"end":{"line":71,"column":null}},"27":{"start":{"line":86,"column":17},"end":{"line":86,"column":null}},"28":{"start":{"line":35,"column":4},"end":{"line":97,"column":21}},"29":{"start":{"line":73,"column":48},"end":{"line":73,"column":63}},"30":{"start":{"line":77,"column":48},"end":{"line":77,"column":65}},"31":{"start":{"line":81,"column":48},"end":{"line":81,"column":60}},"32":{"start":{"line":95,"column":28},"end":{"line":95,"column":42}}},"fnMap":{"0":{"name":"(anonymous_0)","decl":{"start":{"line":21,"column":26},"end":{"line":21,"column":32}},"loc":{"start":{"line":21,"column":32},"end":{"line":21,"column":79}},"line":21},"1":{"name":"(anonymous_1)","decl":{"start":{"line":21,"column":44},"end":{"line":21,"column":45}},"loc":{"start":{"line":21,"column":59},"end":{"line":21,"column":77}},"line":21},"2":{"name":"(anonymous_2)","decl":{"start":{"line":22,"column":30},"end":{"line":22,"column":36}},"loc":{"start":{"line":22,"column":36},"end":{"line":22,"column":81}},"line":22},"3":{"name":"(anonymous_3)","decl":{"start":{"line":23,"column":23},"end":{"line":23,"column":29}},"loc":{"start":{"line":23,"column":29},"end":{"line":23,"column":64}},"line":23},"4":{"name":"(anonymous_4)","decl":{"start":{"line":25,"column":28},"end":{"line":25,"column":34}},"loc":{"start":{"line":25,"column":34},"end":{"line":25,"column":78}},"line":25},"5":{"name":"(anonymous_5)","decl":{"start":{"line":27,"column":18},"end":{"line":27,"column":24}},"loc":{"start":{"line":27,"column":24},"end":{"line":31,"column":null}},"line":27},"6":{"name":"(anonymous_6)","decl":{"start":{"line":73,"column":28},"end":{"line":73,"column":48}},"loc":{"start":{"line":73,"column":48},"end":{"line":73,"column":63}},"line":73},"7":{"name":"(anonymous_7)","decl":{"start":{"line":77,"column":28},"end":{"line":77,"column":48}},"loc":{"start":{"line":77,"column":48},"end":{"line":77,"column":65}},"line":77},"8":{"name":"(anonymous_8)","decl":{"start":{"line":81,"column":28},"end":{"line":81,"column":48}},"loc":{"start":{"line":81,"column":48},"end":{"line":81,"column":60}},"line":81},"9":{"name":"(anonymous_9)","decl":{"start":{"line":95,"column":26},"end":{"line":95,"column":28}},"loc":{"start":{"line":95,"column":28},"end":{"line":95,"column":42}},"line":95}},"branchMap":{"0":{"loc":{"start":{"line":22,"column":36},"end":{"line":22,"column":81}},"type":"cond-expr","locations":[{"start":{"line":22,"column":75},"end":{"line":22,"column":79}},{"start":{"line":22,"column":79},"end":{"line":22,"column":81}}],"line":22},"1":{"loc":{"start":{"line":25,"column":34},"end":{"line":25,"column":78}},"type":"binary-expr","locations":[{"start":{"line":25,"column":34},"end":{"line":25,"column":57}},{"start":{"line":25,"column":57},"end":{"line":25,"column":78}}],"line":25},"2":{"loc":{"start":{"line":28,"column":4},"end":{"line":30,"column":null}},"type":"if","locations":[{"start":{"line":28,"column":4},"end":{"line":30,"column":null}},{"start":{},"end":{}}],"line":28},"3":{"loc":{"start":{"line":101,"column":10},"end":{"line":36,"column":54}},"type":"binary-expr","locations":[{"start":{"line":101,"column":10},"end":{"line":101,"column":null}},{"start":{"line":101,"column":10},"end":{"line":36,"column":54}}],"line":101},"4":{"loc":{"start":{"line":47,"column":18},"end":{"line":42,"column":32}},"type":"binary-expr","locations":[{"start":{"line":47,"column":18},"end":{"line":47,"column":null}},{"start":{"line":47,"column":18},"end":{"line":42,"column":32}}],"line":47},"5":{"loc":{"start":{"line":57,"column":18},"end":{"line":50,"column":26}},"type":"binary-expr","locations":[{"start":{"line":57,"column":18},"end":{"line":57,"column":null}},{"start":{"line":57,"column":18},"end":{"line":50,"column":26}}],"line":57},"6":{"loc":{"start":{"line":51,"column":21},"end":{"line":55,"column":54}},"type":"cond-expr","locations":[{"start":{"line":51,"column":34},"end":{"line":51,"column":75}},{"start":{"line":51,"column":71},"end":{"line":55,"column":54}}],"line":51},"7":{"loc":{"start":{"line":65,"column":18},"end":{"line":60,"column":25}},"type":"binary-expr","locations":[{"start":{"line":65,"column":18},"end":{"line":65,"column":null}},{"start":{"line":65,"column":18},"end":{"line":60,"column":25}}],"line":65},"8":{"loc":{"start":{"line":61,"column":87},"end":{"line":61,"column":31}},"type":"binary-expr","locations":[{"start":{"line":61,"column":87},"end":{"line":61,"column":null}},{"start":{"line":61,"column":87},"end":{"line":61,"column":31}}],"line":61},"9":{"loc":{"start":{"line":62,"column":21},"end":{"line":63,"column":null}},"type":"cond-expr","locations":[{"start":{"line":62,"column":39},"end":{"line":63,"column":null}},{"start":{"line":63,"column":78},"end":{"line":63,"column":null}}],"line":62},"10":{"loc":{"start":{"line":73,"column":28},"end":{"line":73,"column":63}},"type":"binary-expr","locations":[{"start":{"line":73,"column":28},"end":{"line":73,"column":48}},{"start":{"line":73,"column":28},"end":{"line":73,"column":63}}],"line":73},"11":{"loc":{"start":{"line":77,"column":28},"end":{"line":77,"column":65}},"type":"binary-expr","locations":[{"start":{"line":77,"column":28},"end":{"line":77,"column":48}},{"start":{"line":77,"column":28},"end":{"line":77,"column":65}}],"line":77},"12":{"loc":{"start":{"line":81,"column":28},"end":{"line":81,"column":60}},"type":"binary-expr","locations":[{"start":{"line":81,"column":28},"end":{"line":81,"column":48}},{"start":{"line":81,"column":28},"end":{"line":81,"column":60}}],"line":81},"13":{"loc":{"start":{"line":95,"column":26},"end":{"line":95,"column":42}},"type":"binary-expr","locations":[{"start":{"line":95,"column":26},"end":{"line":95,"column":28}},{"start":{"line":95,"column":26},"end":{"line":95,"column":42}}],"line":95}},"s":{"0":4,"1":4,"2":4,"3":4,"4":4,"5":4,"6":4,"7":4,"8":8,"9":4,"10":4,"11":4,"12":4,"13":4,"14":8,"15":4,"16":1,"17":1,"18":2,"19":2,"20":2,"21":2,"22":2,"23":2,"24":2,"25":2,"26":2,"27":2,"28":8,"29":2,"30":2,"31":0,"32":0},"f":{"0":4,"1":8,"2":4,"3":4,"4":8,"5":1,"6":2,"7":2,"8":0,"9":0},"b":{"0":[4,0],"1":[8,4],"2":[1,0],"3":[8,4],"4":[8,4],"5":[8,4],"6":[8,0],"7":[8,4],"8":[8,4],"9":[0,8],"10":[8,4],"11":[8,4],"12":[8,4],"13":[8,4]},"meta":{"lastBranch":0,"lastFunction":0,"lastStatement":0,"seen":{}}}
,"C:\\Users\\fabri\\Desktop\\2 DAW\\DWEC\\ACTIVIDAD\\checkoutTiendaOnline\\src\\components\\checkout\\StepIndicator.vue": {"path":"C:\\Users\\fabri\\Desktop\\2 DAW\\DWEC\\ACTIVIDAD\\checkoutTiendaOnline\\src\\components\\checkout\\StepIndicator.vue","statementMap":{"0":{"start":{"line":7,"column":14},"end":{"line":12,"column":null}},"1":{"start":{"line":16,"column":9},"end":{"line":16,"column":null}},"2":{"start":{"line":17,"column":13},"end":{"line":17,"column":null}},"3":{"start":{"line":27,"column":17},"end":{"line":27,"column":null}},"4":{"start":{"line":31,"column":22},"end":{"line":31,"column":39}},"5":{"start":{"line":16,"column":4},"end":{"line":33,"column":null}},"6":{"start":{"line":18,"column":8},"end":{"line":33,"column":null}}},"fnMap":{"0":{"name":"(anonymous_0)","decl":{"start":{"line":19,"column":32},"end":{"line":19,"column":null}},"loc":{"start":{"line":19,"column":23},"end":{"line":33,"column":null}},"line":19}},"branchMap":{"0":{"loc":{"start":{"line":28,"column":24},"end":{"line":29,"column":49}},"type":"cond-expr","locations":[{"start":{"line":28,"column":43},"end":{"line":28,"column":59}},{"start":{"line":28,"column":52},"end":{"line":29,"column":49}}],"line":28},"1":{"loc":{"start":{"line":33,"column":23},"end":{"line":33,"column":null}},"type":"cond-expr","locations":[{"start":{"line":33,"column":45},"end":{"line":33,"column":null}},{"start":{"line":33,"column":72},"end":{"line":33,"column":null}}],"line":33}},"s":{"0":1,"1":1,"2":1,"3":1,"4":1,"5":1,"6":4},"f":{"0":4},"b":{"0":[0,4],"1":[3,1]},"meta":{"lastBranch":0,"lastFunction":0,"lastStatement":0,"seen":{}}}
,"C:\\Users\\fabri\\Desktop\\2 DAW\\DWEC\\ACTIVIDAD\\checkoutTiendaOnline\\src\\components\\common\\DiscountCode.vue": {"path":"C:\\Users\\fabri\\Desktop\\2 DAW\\DWEC\\ACTIVIDAD\\checkoutTiendaOnline\\src\\components\\common\\DiscountCode.vue","statementMap":{"0":{"start":{"line":6,"column":15},"end":{"line":6,"column":null}},"1":{"start":{"line":8,"column":6},"end":{"line":8,"column":null}},"2":{"start":{"line":9,"column":6},"end":{"line":9,"column":null}},"3":{"start":{"line":10,"column":6},"end":{"line":10,"column":null}},"4":{"start":{"line":11,"column":6},"end":{"line":11,"column":null}},"5":{"start":{"line":13,"column":25},"end":{"line":44,"column":null}},"6":{"start":{"line":14,"column":4},"end":{"line":14,"column":null}},"7":{"start":{"line":14,"column":28},"end":{"line":14,"column":null}},"8":{"start":{"line":16,"column":4},"end":{"line":16,"column":null}},"9":{"start":{"line":17,"column":4},"end":{"line":17,"column":null}},"10":{"start":{"line":18,"column":4},"end":{"line":18,"column":null}},"11":{"start":{"line":20,"column":4},"end":{"line":43,"column":null}},"12":{"start":{"line":21,"column":26},"end":{"line":21,"column":null}},"13":{"start":{"line":23,"column":8},"end":{"line":37,"column":null}},"14":{"start":{"line":25,"column":12},"end":{"line":25,"column":null}},"15":{"start":{"line":26,"column":12},"end":{"line":26,"column":null}},"16":{"start":{"line":28,"column":12},"end":{"line":28,"column":null}},"17":{"start":{"line":29,"column":12},"end":{"line":29,"column":null}},"18":{"start":{"line":32,"column":12},"end":{"line":32,"column":null}},"19":{"start":{"line":33,"column":12},"end":{"line":33,"column":null}},"20":{"start":{"line":35,"column":12},"end":{"line":35,"column":null}},"21":{"start":{"line":36,"column":12},"end":{"line":36,"column":null}},"22":{"start":{"line":39,"column":8},"end":{"line":39,"column":null}},"23":{"start":{"line":40,"column":8},"end":{"line":40,"column":null}},"24":{"start":{"line":42,"column":8},"end":{"line":42,"column":null}},"25":{"start":{"line":46,"column":26},"end":{"line":52,"column":null}},"26":{"start":{"line":47,"column":4},"end":{"line":47,"column":null}},"27":{"start":{"line":48,"column":4},"end":{"line":48,"column":null}},"28":{"start":{"line":49,"column":4},"end":{"line":49,"column":null}},"29":{"start":{"line":50,"column":4},"end":{"line":50,"column":null}},"30":{"start":{"line":51,"column":4},"end":{"line":51,"column":null}},"31":{"start":{"line":56,"column":9},"end":{"line":56,"column":null}},"32":{"start":{"line":80,"column":14},"end":{"line":80,"column":26}},"33":{"start":{"line":56,"column":4},"end":{"line":89,"column":null}},"34":{"start":{"line":62,"column":21},"end":{"line":62,"column":null}}},"fnMap":{"0":{"name":"(anonymous_0)","decl":{"start":{"line":13,"column":25},"end":{"line":13,"column":37}},"loc":{"start":{"line":13,"column":37},"end":{"line":44,"column":null}},"line":13},"1":{"name":"(anonymous_1)","decl":{"start":{"line":46,"column":26},"end":{"line":46,"column":32}},"loc":{"start":{"line":46,"column":32},"end":{"line":52,"column":null}},"line":46},"2":{"name":"(anonymous_2)","decl":{"start":{"line":61,"column":17},"end":{"line":61,"column":null}},"loc":{"start":{"line":62,"column":21},"end":{"line":62,"column":null}},"line":62}},"branchMap":{"0":{"loc":{"start":{"line":14,"column":4},"end":{"line":14,"column":null}},"type":"if","locations":[{"start":{"line":14,"column":4},"end":{"line":14,"column":null}},{"start":{},"end":{}}],"line":14},"1":{"loc":{"start":{"line":23,"column":8},"end":{"line":37,"column":null}},"type":"if","locations":[{"start":{"line":23,"column":8},"end":{"line":37,"column":null}},{"start":{"line":30,"column":15},"end":{"line":37,"column":null}}],"line":23},"2":{"loc":{"start":{"line":91,"column":10},"end":{"line":57,"column":58}},"type":"binary-expr","locations":[{"start":{"line":91,"column":10},"end":{"line":91,"column":null}},{"start":{"line":91,"column":10},"end":{"line":57,"column":58}}],"line":91},"3":{"loc":{"start":{"line":57,"column":53},"end":{"line":85,"column":17}},"type":"cond-expr","locations":[{"start":{"line":59,"column":27},"end":{"line":79,"column":20}},{"start":{"line":79,"column":8},"end":{"line":85,"column":17}}],"line":57},"4":{"loc":{"start":{"line":61,"column":17},"end":{"line":62,"column":null}},"type":"binary-expr","locations":[{"start":{"line":61,"column":17},"end":{"line":61,"column":null}},{"start":{"line":61,"column":17},"end":{"line":62,"column":null}}],"line":61},"5":{"loc":{"start":{"line":72,"column":23},"end":{"line":72,"column":null}},"type":"binary-expr","locations":[{"start":{"line":72,"column":23},"end":{"line":72,"column":30}},{"start":{"line":72,"column":30},"end":{"line":72,"column":null}}],"line":72},"6":{"loc":{"start":{"line":74,"column":24},"end":{"line":75,"column":39}},"type":"cond-expr","locations":[{"start":{"line":74,"column":24},"end":{"line":74,"column":41}},{"start":{"line":74,"column":34},"end":{"line":75,"column":39}}],"line":74},"7":{"loc":{"start":{"line":88,"column":17},"end":{"line":89,"column":null}},"type":"cond-expr","locations":[{"start":{"line":88,"column":17},"end":{"line":89,"column":null}},{"start":{"line":89,"column":18},"end":{"line":89,"column":null}}],"line":88}},"s":{"0":5,"1":5,"2":5,"3":5,"4":5,"5":5,"6":2,"7":0,"8":2,"9":2,"10":2,"11":2,"12":2,"13":2,"14":1,"15":1,"16":1,"17":1,"18":1,"19":1,"20":1,"21":1,"22":0,"23":0,"24":2,"25":5,"26":0,"27":0,"28":0,"29":0,"30":0,"31":3,"32":3,"33":12,"34":2},"f":{"0":2,"1":0,"2":2},"b":{"0":[0,2],"1":[1,1],"2":[12,5],"3":[11,1],"4":[11,5],"5":[11,9],"6":[2,9],"7":[3,9]},"meta":{"lastBranch":0,"lastFunction":0,"lastStatement":0,"seen":{}}}
,"C:\\Users\\fabri\\Desktop\\2 DAW\\DWEC\\ACTIVIDAD\\checkoutTiendaOnline\\src\\components\\common\\FormField.vue": {"path":"C:\\Users\\fabri\\Desktop\\2 DAW\\DWEC\\ACTIVIDAD\\checkoutTiendaOnline\\src\\components\\common\\FormField.vue","statementMap":{"0":{"start":{"line":5,"column":14},"end":{"line":5,"column":null}},"1":{"start":{"line":13,"column":6},"end":{"line":13,"column":null}},"2":{"start":{"line":16,"column":34},"end":{"line":16,"column":null}},"3":{"start":{"line":20,"column":4},"end":{"line":36,"column":null}},"4":{"start":{"line":28,"column":21},"end":{"line":28,"column":null}},"5":{"start":{"line":37,"column":15},"end":{"line":36,"column":null}}},"fnMap":{"0":{"name":"(anonymous_0)","decl":{"start":{"line":27,"column":26},"end":{"line":27,"column":null}},"loc":{"start":{"line":28,"column":21},"end":{"line":28,"column":null}},"line":28},"1":{"name":"(anonymous_1)","decl":{"start":{"line":35,"column":8},"end":{"line":35,"column":20}},"loc":{"start":{"line":37,"column":15},"end":{"line":36,"column":null}},"line":37}},"branchMap":{"0":{"loc":{"start":{"line":20,"column":77},"end":{"line":20,"column":101}},"type":"binary-expr","locations":[{"start":{"line":20,"column":77},"end":{"line":20,"column":91}},{"start":{"line":20,"column":91},"end":{"line":20,"column":101}}],"line":20},"1":{"loc":{"start":{"line":26,"column":19},"end":{"line":26,"column":null}},"type":"binary-expr","locations":[{"start":{"line":26,"column":19},"end":{"line":26,"column":23}},{"start":{"line":26,"column":23},"end":{"line":26,"column":null}}],"line":26},"2":{"loc":{"start":{"line":27,"column":26},"end":{"line":28,"column":null}},"type":"binary-expr","locations":[{"start":{"line":27,"column":26},"end":{"line":27,"column":null}},{"start":{"line":27,"column":26},"end":{"line":28,"column":null}}],"line":27},"3":{"loc":{"start":{"line":35,"column":20},"end":{"line":36,"column":null}},"type":"cond-expr","locations":[{"start":{"line":35,"column":20},"end":{"line":36,"column":null}},{"start":{"line":36,"column":27},"end":{"line":36,"column":null}}],"line":35}},"s":{"0":56,"1":56,"2":56,"3":101,"4":10,"5":64},"f":{"0":10,"1":64},"b":{"0":[101,66],"1":[101,76],"2":[101,56],"3":[8,56]},"meta":{"lastBranch":0,"lastFunction":0,"lastStatement":0,"seen":{}}}
,"C:\\Users\\fabri\\Desktop\\2 DAW\\DWEC\\ACTIVIDAD\\checkoutTiendaOnline\\src\\components\\common\\FormSelect.vue": {"path":"C:\\Users\\fabri\\Desktop\\2 DAW\\DWEC\\ACTIVIDAD\\checkoutTiendaOnline\\src\\components\\common\\FormSelect.vue","statementMap":{"0":{"start":{"line":5,"column":14},"end":{"line":5,"column":null}},"1":{"start":{"line":12,"column":6},"end":{"line":12,"column":null}},"2":{"start":{"line":13,"column":28},"end":{"line":13,"column":null}},"3":{"start":{"line":17,"column":4},"end":{"line":32,"column":81}},"4":{"start":{"line":23,"column":17},"end":{"line":23,"column":null}},"5":{"start":{"line":27,"column":8},"end":{"line":28,"column":null}}},"fnMap":{"0":{"name":"(anonymous_0)","decl":{"start":{"line":22,"column":15},"end":{"line":22,"column":null}},"loc":{"start":{"line":23,"column":17},"end":{"line":23,"column":null}},"line":23},"1":{"name":"(anonymous_1)","decl":{"start":{"line":27,"column":37},"end":{"line":27,"column":40}},"loc":{"start":{"line":27,"column":26},"end":{"line":28,"column":null}},"line":27}},"branchMap":{"0":{"loc":{"start":{"line":22,"column":15},"end":{"line":23,"column":null}},"type":"binary-expr","locations":[{"start":{"line":22,"column":15},"end":{"line":22,"column":null}},{"start":{"line":22,"column":15},"end":{"line":23,"column":null}}],"line":22},"1":{"loc":{"start":{"line":26,"column":37},"end":{"line":26,"column":87}},"type":"binary-expr","locations":[{"start":{"line":26,"column":37},"end":{"line":26,"column":48}},{"start":{"line":26,"column":48},"end":{"line":26,"column":87}}],"line":26},"2":{"loc":{"start":{"line":32,"column":20},"end":{"line":32,"column":81}},"type":"cond-expr","locations":[{"start":{"line":32,"column":20},"end":{"line":32,"column":81}},{"start":{"line":32,"column":71},"end":{"line":32,"column":81}}],"line":32}},"s":{"0":6,"1":6,"2":6,"3":6,"4":1,"5":16},"f":{"0":1,"1":16},"b":{"0":[6,6],"1":[6,6],"2":[0,6]},"meta":{"lastBranch":0,"lastFunction":0,"lastStatement":0,"seen":{}}}
,"C:\\Users\\fabri\\Desktop\\2 DAW\\DWEC\\ACTIVIDAD\\checkoutTiendaOnline\\src\\components\\common\\OrdenSummary.vue": {"path":"C:\\Users\\fabri\\Desktop\\2 DAW\\DWEC\\ACTIVIDAD\\checkoutTiendaOnline\\src\\components\\common\\OrdenSummary.vue","statementMap":{"0":{"start":{"line":7,"column":14},"end":{"line":7,"column":null}},"1":{"start":{"line":11,"column":15},"end":{"line":11,"column":null}},"2":{"start":{"line":14,"column":18},"end":{"line":17,"column":null}},"3":{"start":{"line":20,"column":6},"end":{"line":20,"column":null}},"4":{"start":{"line":20,"column":32},"end":{"line":20,"column":84}},"5":{"start":{"line":20,"column":64},"end":{"line":20,"column":82}},"6":{"start":{"line":22,"column":6},"end":{"line":25,"column":null}},"7":{"start":{"line":23,"column":4},"end":{"line":23,"column":null}},"8":{"start":{"line":23,"column":34},"end":{"line":23,"column":null}},"9":{"start":{"line":24,"column":4},"end":{"line":24,"column":null}},"10":{"start":{"line":28,"column":6},"end":{"line":31,"column":null}},"11":{"start":{"line":29,"column":4},"end":{"line":29,"column":null}},"12":{"start":{"line":29,"column":35},"end":{"line":29,"column":null}},"13":{"start":{"line":30,"column":4},"end":{"line":30,"column":null}},"14":{"start":{"line":33,"column":6},"end":{"line":33,"column":null}},"15":{"start":{"line":33,"column":29},"end":{"line":33,"column":87}},"16":{"start":{"line":37,"column":9},"end":{"line":37,"column":null}},"17":{"start":{"line":40,"column":12},"end":{"line":40,"column":null}},"18":{"start":{"line":42,"column":18},"end":{"line":42,"column":39}},"19":{"start":{"line":43,"column":18},"end":{"line":43,"column":40}},"20":{"start":{"line":49,"column":13},"end":{"line":49,"column":null}},"21":{"start":{"line":50,"column":13},"end":{"line":50,"column":null}},"22":{"start":{"line":56,"column":18},"end":{"line":56,"column":41}},"23":{"start":{"line":57,"column":18},"end":{"line":57,"column":41}},"24":{"start":{"line":60,"column":13},"end":{"line":60,"column":null}},"25":{"start":{"line":67,"column":13},"end":{"line":67,"column":null}},"26":{"start":{"line":69,"column":18},"end":{"line":69,"column":41}},"27":{"start":{"line":37,"column":4},"end":{"line":69,"column":72}},"28":{"start":{"line":41,"column":8},"end":{"line":43,"column":76}}},"fnMap":{"0":{"name":"(anonymous_0)","decl":{"start":{"line":20,"column":26},"end":{"line":20,"column":32}},"loc":{"start":{"line":20,"column":32},"end":{"line":20,"column":84}},"line":20},"1":{"name":"(anonymous_1)","decl":{"start":{"line":20,"column":49},"end":{"line":20,"column":50}},"loc":{"start":{"line":20,"column":64},"end":{"line":20,"column":82}},"line":20},"2":{"name":"(anonymous_2)","decl":{"start":{"line":22,"column":30},"end":{"line":22,"column":36}},"loc":{"start":{"line":22,"column":36},"end":{"line":25,"column":1}},"line":22},"3":{"name":"(anonymous_3)","decl":{"start":{"line":28,"column":32},"end":{"line":28,"column":38}},"loc":{"start":{"line":28,"column":38},"end":{"line":31,"column":1}},"line":28},"4":{"name":"(anonymous_4)","decl":{"start":{"line":33,"column":23},"end":{"line":33,"column":29}},"loc":{"start":{"line":33,"column":29},"end":{"line":33,"column":87}},"line":33},"5":{"name":"(anonymous_5)","decl":{"start":{"line":41,"column":36},"end":{"line":41,"column":39}},"loc":{"start":{"line":41,"column":23},"end":{"line":43,"column":76}},"line":41}},"branchMap":{"0":{"loc":{"start":{"line":14,"column":18},"end":{"line":17,"column":null}},"type":"binary-expr","locations":[{"start":{"line":14,"column":18},"end":{"line":14,"column":33}},{"start":{"line":14,"column":33},"end":{"line":17,"column":null}}],"line":14},"1":{"loc":{"start":{"line":23,"column":4},"end":{"line":23,"column":null}},"type":"if","locations":[{"start":{"line":23,"column":4},"end":{"line":23,"column":null}},{"start":{},"end":{}}],"line":23},"2":{"loc":{"start":{"line":24,"column":11},"end":{"line":24,"column":null}},"type":"cond-expr","locations":[{"start":{"line":24,"column":50},"end":{"line":24,"column":54}},{"start":{"line":24,"column":54},"end":{"line":24,"column":null}}],"line":24},"3":{"loc":{"start":{"line":29,"column":4},"end":{"line":29,"column":null}},"type":"if","locations":[{"start":{"line":29,"column":4},"end":{"line":29,"column":null}},{"start":{},"end":{}}],"line":29},"4":{"loc":{"start":{"line":72,"column":10},"end":{"line":38,"column":48}},"type":"binary-expr","locations":[{"start":{"line":72,"column":10},"end":{"line":72,"column":null}},{"start":{"line":72,"column":10},"end":{"line":38,"column":48}}],"line":72},"5":{"loc":{"start":{"line":47,"column":8},"end":{"line":47,"column":28}},"type":"binary-expr","locations":[{"start":{"line":47,"column":8},"end":{"line":47,"column":12}},{"start":{"line":47,"column":8},"end":{"line":47,"column":28}}],"line":47},"6":{"loc":{"start":{"line":53,"column":14},"end":{"line":51,"column":33}},"type":"binary-expr","locations":[{"start":{"line":53,"column":14},"end":{"line":53,"column":null}},{"start":{"line":53,"column":14},"end":{"line":51,"column":33}}],"line":53},"7":{"loc":{"start":{"line":55,"column":31},"end":{"line":57,"column":85}},"type":"cond-expr","locations":[{"start":{"line":55,"column":55},"end":{"line":57,"column":85}},{"start":{"line":57,"column":74},"end":{"line":57,"column":85}}],"line":55},"8":{"loc":{"start":{"line":61,"column":28},"end":{"line":61,"column":73}},"type":"binary-expr","locations":[{"start":{"line":61,"column":28},"end":{"line":61,"column":51}},{"start":{"line":61,"column":51},"end":{"line":61,"column":73}}],"line":61},"9":{"loc":{"start":{"line":65,"column":8},"end":{"line":65,"column":35}},"type":"binary-expr","locations":[{"start":{"line":65,"column":8},"end":{"line":65,"column":12}},{"start":{"line":65,"column":8},"end":{"line":65,"column":35}}],"line":65},"10":{"loc":{"start":{"line":70,"column":14},"end":{"line":68,"column":30}},"type":"binary-expr","locations":[{"start":{"line":70,"column":14},"end":{"line":70,"column":null}},{"start":{"line":70,"column":14},"end":{"line":68,"column":30}}],"line":70}},"s":{"0":4,"1":4,"2":4,"3":4,"4":4,"5":8,"6":4,"7":4,"8":0,"9":4,"10":4,"11":4,"12":4,"13":0,"14":4,"15":4,"16":2,"17":2,"18":2,"19":2,"20":2,"21":2,"22":2,"23":2,"24":2,"25":2,"26":2,"27":4,"28":8},"f":{"0":4,"1":8,"2":4,"3":4,"4":4,"5":8},"b":{"0":[4,4],"1":[0,4],"2":[4,0],"3":[4,0],"4":[4,4],"5":[4,4],"6":[4,4],"7":[0,4],"8":[4,0],"9":[4,4],"10":[4,4]},"meta":{"lastBranch":0,"lastFunction":0,"lastStatement":0,"seen":{}}}
,"C:\\Users\\fabri\\Desktop\\2 DAW\\DWEC\\ACTIVIDAD\\checkoutTiendaOnline\\src\\components\\payment\\BizumForm.vue": {"path":"C:\\Users\\fabri\\Desktop\\2 DAW\\DWEC\\ACTIVIDAD\\checkoutTiendaOnline\\src\\components\\payment\\BizumForm.vue","statementMap":{"0":{"start":{"line":6,"column":9},"end":{"line":6,"column":null}},"1":{"start":{"line":6,"column":4},"end":{"line":8,"column":73}}},"fnMap":{},"branchMap":{"0":{"loc":{"start":{"line":8,"column":8},"end":{"line":8,"column":73}},"type":"binary-expr","locations":[{"start":{"line":8,"column":8},"end":{"line":8,"column":11}},{"start":{"line":8,"column":8},"end":{"line":8,"column":73}}],"line":8}},"s":{"0":2,"1":2},"f":{},"b":{"0":[2,2]},"meta":{"lastBranch":1,"lastFunction":0,"lastStatement":2,"seen":{"s:6:9:6:Infinity":0,"s:6:4:8:73":1,"b:8:8:8:11:8:8:8:73":0}}}
,"C:\\Users\\fabri\\Desktop\\2 DAW\\DWEC\\ACTIVIDAD\\checkoutTiendaOnline\\src\\components\\payment\\CreditCardForm.vue": {"path":"C:\\Users\\fabri\\Desktop\\2 DAW\\DWEC\\ACTIVIDAD\\checkoutTiendaOnline\\src\\components\\payment\\CreditCardForm.vue","statementMap":{"0":{"start":{"line":9,"column":30},"end":{"line":9,"column":null}},"1":{"start":{"line":12,"column":0},"end":{"line":26,"column":null}},"2":{"start":{"line":12,"column":12},"end":{"line":12,"column":36}},"3":{"start":{"line":13,"column":4},"end":{"line":13,"column":null}},"4":{"start":{"line":13,"column":22},"end":{"line":13,"column":null}},"5":{"start":{"line":14,"column":10},"end":{"line":14,"column":null}},"6":{"start":{"line":15,"column":4},"end":{"line":17,"column":null}},"7":{"start":{"line":16,"column":8},"end":{"line":16,"column":null}},"8":{"start":{"line":18,"column":21},"end":{"line":18,"column":null}},"9":{"start":{"line":19,"column":10},"end":{"line":19,"column":null}},"10":{"start":{"line":22,"column":4},"end":{"line":24,"column":null}},"11":{"start":{"line":23,"column":8},"end":{"line":23,"column":null}},"12":{"start":{"line":30,"column":9},"end":{"line":30,"column":null}},"13":{"start":{"line":31,"column":13},"end":{"line":31,"column":null}},"14":{"start":{"line":38,"column":13},"end":{"line":38,"column":null}},"15":{"start":{"line":30,"column":4},"end":{"line":40,"column":86}}},"fnMap":{"0":{"name":"(anonymous_0)","decl":{"start":{"line":12,"column":6},"end":{"line":12,"column":12}},"loc":{"start":{"line":12,"column":12},"end":{"line":12,"column":36}},"line":12},"1":{"name":"(anonymous_1)","decl":{"start":{"line":12,"column":36},"end":{"line":12,"column":37}},"loc":{"start":{"line":12,"column":53},"end":{"line":26,"column":1}},"line":12}},"branchMap":{"0":{"loc":{"start":{"line":13,"column":4},"end":{"line":13,"column":null}},"type":"if","locations":[{"start":{"line":13,"column":4},"end":{"line":13,"column":null}},{"start":{},"end":{}}],"line":13},"1":{"loc":{"start":{"line":15,"column":4},"end":{"line":17,"column":null}},"type":"if","locations":[{"start":{"line":15,"column":4},"end":{"line":17,"column":null}},{"start":{},"end":{}}],"line":15},"2":{"loc":{"start":{"line":15,"column":8},"end":{"line":15,"column":56}},"type":"binary-expr","locations":[{"start":{"line":15,"column":8},"end":{"line":15,"column":26}},{"start":{"line":15,"column":26},"end":{"line":15,"column":56}}],"line":15},"3":{"loc":{"start":{"line":22,"column":4},"end":{"line":24,"column":null}},"type":"if","locations":[{"start":{"line":22,"column":4},"end":{"line":24,"column":null}},{"start":{},"end":{}}],"line":22},"4":{"loc":{"start":{"line":22,"column":8},"end":{"line":22,"column":58}},"type":"binary-expr","locations":[{"start":{"line":22,"column":8},"end":{"line":22,"column":37}},{"start":{"line":22,"column":37},"end":{"line":22,"column":58}}],"line":22},"5":{"loc":{"start":{"line":33,"column":44},"end":{"line":34,"column":null}},"type":"cond-expr","locations":[{"start":{"line":33,"column":87},"end":{"line":34,"column":null}},{"start":{"line":34,"column":46},"end":{"line":34,"column":null}}],"line":33},"6":{"loc":{"start":{"line":33,"column":44},"end":{"line":33,"column":null}},"type":"binary-expr","locations":[{"start":{"line":33,"column":44},"end":{"line":33,"column":68}},{"start":{"line":33,"column":68},"end":{"line":33,"column":null}}],"line":33}},"s":{"0":2,"1":2,"2":2,"3":0,"4":0,"5":0,"6":0,"7":0,"8":0,"9":0,"10":0,"11":0,"12":2,"13":2,"14":2,"15":2},"f":{"0":2,"1":0},"b":{"0":[0,0],"1":[0,0],"2":[0,0],"3":[0,0],"4":[0,0],"5":[0,2],"6":[2,2]},"meta":{"lastBranch":0,"lastFunction":0,"lastStatement":0,"seen":{}}}
,"C:\\Users\\fabri\\Desktop\\2 DAW\\DWEC\\ACTIVIDAD\\checkoutTiendaOnline\\src\\components\\payment\\PayPalForm.vue": {"path":"C:\\Users\\fabri\\Desktop\\2 DAW\\DWEC\\ACTIVIDAD\\checkoutTiendaOnline\\src\\components\\payment\\PayPalForm.vue","statementMap":{"0":{"start":{"line":6,"column":9},"end":{"line":6,"column":null}},"1":{"start":{"line":6,"column":4},"end":{"line":8,"column":77}}},"fnMap":{},"branchMap":{"0":{"loc":{"start":{"line":9,"column":10},"end":{"line":7,"column":64}},"type":"binary-expr","locations":[{"start":{"line":9,"column":10},"end":{"line":9,"column":null}},{"start":{"line":9,"column":10},"end":{"line":7,"column":64}}],"line":9}},"s":{"0":2,"1":0},"f":{},"b":{"0":[0,0]},"meta":{"lastBranch":0,"lastFunction":0,"lastStatement":0,"seen":{}}}
,"C:\\Users\\fabri\\Desktop\\2 DAW\\DWEC\\ACTIVIDAD\\checkoutTiendaOnline\\src\\components\\payment\\TransferForm.vue": {"path":"C:\\Users\\fabri\\Desktop\\2 DAW\\DWEC\\ACTIVIDAD\\checkoutTiendaOnline\\src\\components\\payment\\TransferForm.vue","statementMap":{"0":{"start":{"line":6,"column":9},"end":{"line":6,"column":null}},"1":{"start":{"line":6,"column":4},"end":{"line":8,"column":100}}},"fnMap":{},"branchMap":{"0":{"loc":{"start":{"line":9,"column":10},"end":{"line":7,"column":68}},"type":"binary-expr","locations":[{"start":{"line":9,"column":10},"end":{"line":9,"column":null}},{"start":{"line":9,"column":10},"end":{"line":7,"column":68}}],"line":9}},"s":{"0":2,"1":0},"f":{},"b":{"0":[0,0]},"meta":{"lastBranch":0,"lastFunction":0,"lastStatement":0,"seen":{}}}
,"C:\\Users\\fabri\\Desktop\\2 DAW\\DWEC\\ACTIVIDAD\\checkoutTiendaOnline\\src\\composables\\useCheckout.ts": {"path":"C:\\Users\\fabri\\Desktop\\2 DAW\\DWEC\\ACTIVIDAD\\checkoutTiendaOnline\\src\\composables\\useCheckout.ts","statementMap":{"0":{"start":{"line":6,"column":29},"end":{"line":48,"column":null}},"1":{"start":{"line":6,"column":50},"end":{"line":48,"column":null}},"2":{"start":{"line":52,"column":6},"end":{"line":52,"column":null}},"3":{"start":{"line":58,"column":28},"end":{"line":65,"column":null}},"4":{"start":{"line":59,"column":8},"end":{"line":64,"column":null}},"5":{"start":{"line":60,"column":12},"end":{"line":60,"column":null}},"6":{"start":{"line":61,"column":12},"end":{"line":61,"column":null}},"7":{"start":{"line":63,"column":12},"end":{"line":63,"column":null}},"8":{"start":{"line":68,"column":30},"end":{"line":83,"column":null}},"9":{"start":{"line":69,"column":25},"end":{"line":69,"column":null}},"10":{"start":{"line":70,"column":8},"end":{"line":81,"column":null}},"11":{"start":{"line":71,"column":12},"end":{"line":80,"column":null}},"12":{"start":{"line":72,"column":39},"end":{"line":72,"column":null}},"13":{"start":{"line":74,"column":16},"end":{"line":74,"column":null}},"14":{"start":{"line":75,"column":16},"end":{"line":75,"column":null}},"15":{"start":{"line":76,"column":16},"end":{"line":76,"column":null}},"16":{"start":{"line":78,"column":16},"end":{"line":78,"column":null}},"17":{"start":{"line":79,"column":16},"end":{"line":79,"column":null}},"18":{"start":{"line":82,"column":12},"end":{"line":82,"column":null}},"19":{"start":{"line":86,"column":26},"end":{"line":89,"column":null}},"20":{"start":{"line":87,"column":8},"end":{"line":87,"column":null}},"21":{"start":{"line":88,"column":8},"end":{"line":88,"column":null}},"22":{"start":{"line":92,"column":4},"end":{"line":94,"column":null}},"23":{"start":{"line":93,"column":8},"end":{"line":93,"column":null}},"24":{"start":{"line":96,"column":4},"end":{"line":101,"column":null}}},"fnMap":{"0":{"name":"(anonymous_0)","decl":{"start":{"line":6,"column":29},"end":{"line":6,"column":50}},"loc":{"start":{"line":6,"column":50},"end":{"line":48,"column":null}},"line":6},"1":{"name":"useCheckout","decl":{"start":{"line":55,"column":16},"end":{"line":55,"column":30}},"loc":{"start":{"line":55,"column":30},"end":{"line":102,"column":null}},"line":55},"2":{"name":"(anonymous_2)","decl":{"start":{"line":58,"column":28},"end":{"line":58,"column":34}},"loc":{"start":{"line":58,"column":34},"end":{"line":65,"column":null}},"line":58},"3":{"name":"(anonymous_3)","decl":{"start":{"line":68,"column":30},"end":{"line":68,"column":36}},"loc":{"start":{"line":68,"column":36},"end":{"line":83,"column":null}},"line":68},"4":{"name":"(anonymous_4)","decl":{"start":{"line":86,"column":26},"end":{"line":86,"column":32}},"loc":{"start":{"line":86,"column":32},"end":{"line":89,"column":null}},"line":86},"5":{"name":"(anonymous_5)","decl":{"start":{"line":92,"column":18},"end":{"line":92,"column":24}},"loc":{"start":{"line":92,"column":24},"end":{"line":94,"column":7}},"line":92}},"branchMap":{"0":{"loc":{"start":{"line":70,"column":8},"end":{"line":81,"column":null}},"type":"if","locations":[{"start":{"line":70,"column":8},"end":{"line":81,"column":null}},{"start":{},"end":{}}],"line":70}},"s":{"0":7,"1":14,"2":7,"3":35,"4":83,"5":83,"6":83,"7":0,"8":35,"9":2,"10":2,"11":1,"12":1,"13":1,"14":1,"15":1,"16":0,"17":0,"18":1,"19":35,"20":7,"21":7,"22":35,"23":81,"24":35},"f":{"0":14,"1":35,"2":83,"3":2,"4":7,"5":81},"b":{"0":[1,1]},"meta":{"lastBranch":1,"lastFunction":6,"lastStatement":25,"seen":{"s:6:29:48:Infinity":0,"f:6:29:6:50":0,"s:6:50:48:Infinity":1,"s:52:6:52:Infinity":2,"f:55:16:55:30":1,"s:58:28:65:Infinity":3,"f:58:28:58:34":2,"s:59:8:64:Infinity":4,"s:60:12:60:Infinity":5,"s:61:12:61:Infinity":6,"s:63:12:63:Infinity":7,"s:68:30:83:Infinity":8,"f:68:30:68:36":3,"s:69:25:69:Infinity":9,"b:70:8:81:Infinity:undefined:undefined:undefined:undefined":0,"s:70:8:81:Infinity":10,"s:71:12:80:Infinity":11,"s:72:39:72:Infinity":12,"s:74:16:74:Infinity":13,"s:75:16:75:Infinity":14,"s:76:16:76:Infinity":15,"s:78:16:78:Infinity":16,"s:79:16:79:Infinity":17,"s:82:12:82:Infinity":18,"s:86:26:89:Infinity":19,"f:86:26:86:32":4,"s:87:8:87:Infinity":20,"s:88:8:88:Infinity":21,"s:92:4:94:Infinity":22,"f:92:18:92:24":5,"s:93:8:93:Infinity":23,"s:96:4:101:Infinity":24}}}
,"C:\\Users\\fabri\\Desktop\\2 DAW\\DWEC\\ACTIVIDAD\\checkoutTiendaOnline\\src\\composables\\useValidationSchemas.ts": {"path":"C:\\Users\\fabri\\Desktop\\2 DAW\\DWEC\\ACTIVIDAD\\checkoutTiendaOnline\\src\\composables\\useValidationSchemas.ts","statementMap":{"0":{"start":{"line":8,"column":31},"end":{"line":48,"column":null}},"1":{"start":{"line":35,"column":12},"end":{"line":35,"column":null}},"2":{"start":{"line":35,"column":46},"end":{"line":35,"column":null}},"3":{"start":{"line":37,"column":12},"end":{"line":42,"column":null}},"4":{"start":{"line":38,"column":25},"end":{"line":38,"column":null}},"5":{"start":{"line":39,"column":12},"end":{"line":39,"column":null}},"6":{"start":{"line":41,"column":12},"end":{"line":41,"column":null}},"7":{"start":{"line":51,"column":25},"end":{"line":85,"column":null}},"8":{"start":{"line":57,"column":26},"end":{"line":81,"column":null}},"9":{"start":{"line":66,"column":16},"end":{"line":66,"column":null}},"10":{"start":{"line":66,"column":50},"end":{"line":66,"column":null}},"11":{"start":{"line":67,"column":16},"end":{"line":70,"column":null}},"12":{"start":{"line":68,"column":29},"end":{"line":68,"column":null}},"13":{"start":{"line":69,"column":16},"end":{"line":69,"column":null}},"14":{"start":{"line":70,"column":26},"end":{"line":70,"column":40}},"15":{"start":{"line":83,"column":31},"end":{"line":83,"column":null}},"16":{"start":{"line":88,"column":31},"end":{"line":102,"column":null}},"17":{"start":{"line":90,"column":8},"end":{"line":90,"column":null}},"18":{"start":{"line":90,"column":63},"end":{"line":90,"column":null}},"19":{"start":{"line":92,"column":28},"end":{"line":92,"column":null}},"20":{"start":{"line":94,"column":22},"end":{"line":94,"column":null}},"21":{"start":{"line":95,"column":27},"end":{"line":95,"column":null}},"22":{"start":{"line":96,"column":26},"end":{"line":96,"column":null}},"23":{"start":{"line":98,"column":8},"end":{"line":98,"column":null}},"24":{"start":{"line":98,"column":31},"end":{"line":98,"column":null}},"25":{"start":{"line":99,"column":8},"end":{"line":99,"column":null}},"26":{"start":{"line":99,"column":52},"end":{"line":99,"column":null}},"27":{"start":{"line":101,"column":8},"end":{"line":101,"column":null}},"28":{"start":{"line":105,"column":24},"end":{"line":146,"column":null}},"29":{"start":{"line":111,"column":26},"end":{"line":122,"column":null}},"30":{"start":{"line":114,"column":57},"end":{"line":114,"column":87}},"31":{"start":{"line":123,"column":35},"end":{"line":123,"column":null}},"32":{"start":{"line":129,"column":30},"end":{"line":129,"column":null}},"33":{"start":{"line":130,"column":35},"end":{"line":130,"column":null}},"34":{"start":{"line":136,"column":30},"end":{"line":136,"column":null}},"35":{"start":{"line":137,"column":35},"end":{"line":137,"column":null}},"36":{"start":{"line":143,"column":30},"end":{"line":143,"column":null}},"37":{"start":{"line":144,"column":35},"end":{"line":144,"column":null}},"38":{"start":{"line":148,"column":4},"end":{"line":152,"column":null}}},"fnMap":{"0":{"name":"useValidationSchemas","decl":{"start":{"line":5,"column":16},"end":{"line":5,"column":39}},"loc":{"start":{"line":5,"column":39},"end":{"line":154,"column":null}},"line":5},"1":{"name":"(anonymous_1)","decl":{"start":{"line":34,"column":74},"end":{"line":34,"column":81}},"loc":{"start":{"line":34,"column":91},"end":{"line":43,"column":9}},"line":34},"2":{"name":"(anonymous_2)","decl":{"start":{"line":57,"column":14},"end":{"line":57,"column":15}},"loc":{"start":{"line":57,"column":26},"end":{"line":81,"column":null}},"line":57},"3":{"name":"(anonymous_3)","decl":{"start":{"line":65,"column":66},"end":{"line":65,"column":73}},"loc":{"start":{"line":65,"column":83},"end":{"line":71,"column":13}},"line":65},"4":{"name":"(anonymous_4)","decl":{"start":{"line":83,"column":19},"end":{"line":83,"column":20}},"loc":{"start":{"line":83,"column":31},"end":{"line":83,"column":null}},"line":83},"5":{"name":"(anonymous_5)","decl":{"start":{"line":88,"column":31},"end":{"line":88,"column":32}},"loc":{"start":{"line":88,"column":62},"end":{"line":102,"column":null}},"line":88},"6":{"name":"(anonymous_6)","decl":{"start":{"line":111,"column":14},"end":{"line":111,"column":15}},"loc":{"start":{"line":111,"column":26},"end":{"line":122,"column":null}},"line":111},"7":{"name":"(anonymous_7)","decl":{"start":{"line":114,"column":56},"end":{"line":114,"column":57}},"loc":{"start":{"line":114,"column":57},"end":{"line":114,"column":87}},"line":114},"8":{"name":"(anonymous_8)","decl":{"start":{"line":123,"column":23},"end":{"line":123,"column":24}},"loc":{"start":{"line":123,"column":35},"end":{"line":123,"column":null}},"line":123},"9":{"name":"(anonymous_9)","decl":{"start":{"line":129,"column":18},"end":{"line":129,"column":19}},"loc":{"start":{"line":129,"column":30},"end":{"line":129,"column":null}},"line":129},"10":{"name":"(anonymous_10)","decl":{"start":{"line":130,"column":23},"end":{"line":130,"column":24}},"loc":{"start":{"line":130,"column":35},"end":{"line":130,"column":null}},"line":130},"11":{"name":"(anonymous_11)","decl":{"start":{"line":136,"column":18},"end":{"line":136,"column":19}},"loc":{"start":{"line":136,"column":30},"end":{"line":136,"column":null}},"line":136},"12":{"name":"(anonymous_12)","decl":{"start":{"line":137,"column":23},"end":{"line":137,"column":24}},"loc":{"start":{"line":137,"column":35},"end":{"line":137,"column":null}},"line":137},"13":{"name":"(anonymous_13)","decl":{"start":{"line":143,"column":18},"end":{"line":143,"column":19}},"loc":{"start":{"line":143,"column":30},"end":{"line":143,"column":null}},"line":143},"14":{"name":"(anonymous_14)","decl":{"start":{"line":144,"column":23},"end":{"line":144,"column":24}},"loc":{"start":{"line":144,"column":35},"end":{"line":144,"column":null}},"line":144}},"branchMap":{"0":{"loc":{"start":{"line":35,"column":12},"end":{"line":35,"column":null}},"type":"if","locations":[{"start":{"line":35,"column":12},"end":{"line":35,"column":null}},{"start":{},"end":{}}],"line":35},"1":{"loc":{"start":{"line":35,"column":16},"end":{"line":35,"column":46}},"type":"binary-expr","locations":[{"start":{"line":35,"column":16},"end":{"line":35,"column":26}},{"start":{"line":35,"column":26},"end":{"line":35,"column":46}}],"line":35},"2":{"loc":{"start":{"line":66,"column":16},"end":{"line":66,"column":null}},"type":"if","locations":[{"start":{"line":66,"column":16},"end":{"line":66,"column":null}},{"start":{},"end":{}}],"line":66},"3":{"loc":{"start":{"line":66,"column":20},"end":{"line":66,"column":50}},"type":"binary-expr","locations":[{"start":{"line":66,"column":20},"end":{"line":66,"column":30}},{"start":{"line":66,"column":30},"end":{"line":66,"column":50}}],"line":66},"4":{"loc":{"start":{"line":90,"column":8},"end":{"line":90,"column":null}},"type":"if","locations":[{"start":{"line":90,"column":8},"end":{"line":90,"column":null}},{"start":{},"end":{}}],"line":90},"5":{"loc":{"start":{"line":90,"column":12},"end":{"line":90,"column":63}},"type":"binary-expr","locations":[{"start":{"line":90,"column":12},"end":{"line":90,"column":22}},{"start":{"line":90,"column":22},"end":{"line":90,"column":63}}],"line":90},"6":{"loc":{"start":{"line":98,"column":8},"end":{"line":98,"column":null}},"type":"if","locations":[{"start":{"line":98,"column":8},"end":{"line":98,"column":null}},{"start":{},"end":{}}],"line":98},"7":{"loc":{"start":{"line":99,"column":8},"end":{"line":99,"column":null}},"type":"if","locations":[{"start":{"line":99,"column":8},"end":{"line":99,"column":null}},{"start":{},"end":{}}],"line":99},"8":{"loc":{"start":{"line":99,"column":12},"end":{"line":99,"column":52}},"type":"binary-expr","locations":[{"start":{"line":99,"column":12},"end":{"line":99,"column":35}},{"start":{"line":99,"column":35},"end":{"line":99,"column":52}}],"line":99},"9":{"loc":{"start":{"line":114,"column":77},"end":{"line":114,"column":86}},"type":"binary-expr","locations":[{"start":{"line":114,"column":77},"end":{"line":114,"column":84}},{"start":{"line":114,"column":84},"end":{"line":114,"column":86}}],"line":114}},"s":{"0":10,"1":6,"2":4,"3":2,"4":2,"5":0,"6":0,"7":10,"8":6,"9":3,"10":3,"11":0,"12":0,"13":0,"14":0,"15":6,"16":10,"17":1,"18":1,"19":0,"20":0,"21":0,"22":0,"23":0,"24":0,"25":0,"26":0,"27":0,"28":10,"29":2,"30":1,"31":8,"32":0,"33":10,"34":4,"35":6,"36":0,"37":10,"38":10},"f":{"0":10,"1":6,"2":6,"3":3,"4":6,"5":1,"6":2,"7":1,"8":8,"9":0,"10":10,"11":4,"12":6,"13":0,"14":10},"b":{"0":[4,2],"1":[6,2],"2":[3,0],"3":[3,0],"4":[1,0],"5":[1,0],"6":[0,0],"7":[0,0],"8":[0,0],"9":[1,1]},"meta":{"lastBranch":10,"lastFunction":15,"lastStatement":39,"seen":{"f:5:16:5:39":0,"s:8:31:48:Infinity":0,"f:34:74:34:81":1,"b:35:12:35:Infinity:undefined:undefined:undefined:undefined":0,"s:35:12:35:Infinity":1,"b:35:16:35:26:35:26:35:46":1,"s:35:46:35:Infinity":2,"s:37:12:42:Infinity":3,"s:38:25:38:Infinity":4,"s:39:12:39:Infinity":5,"s:41:12:41:Infinity":6,"s:51:25:85:Infinity":7,"f:57:14:57:15":2,"s:57:26:81:Infinity":8,"f:65:66:65:73":3,"b:66:16:66:Infinity:undefined:undefined:undefined:undefined":2,"s:66:16:66:Infinity":9,"b:66:20:66:30:66:30:66:50":3,"s:66:50:66:Infinity":10,"s:67:16:70:Infinity":11,"s:68:29:68:Infinity":12,"s:69:16:69:Infinity":13,"s:70:26:70:40":14,"f:83:19:83:20":4,"s:83:31:83:Infinity":15,"s:88:31:102:Infinity":16,"f:88:31:88:32":5,"b:90:8:90:Infinity:undefined:undefined:undefined:undefined":4,"s:90:8:90:Infinity":17,"b:90:12:90:22:90:22:90:63":5,"s:90:63:90:Infinity":18,"s:92:28:92:Infinity":19,"s:94:22:94:Infinity":20,"s:95:27:95:Infinity":21,"s:96:26:96:Infinity":22,"b:98:8:98:Infinity:undefined:undefined:undefined:undefined":6,"s:98:8:98:Infinity":23,"s:98:31:98:Infinity":24,"b:99:8:99:Infinity:undefined:undefined:undefined:undefined":7,"s:99:8:99:Infinity":25,"b:99:12:99:35:99:35:99:52":8,"s:99:52:99:Infinity":26,"s:101:8:101:Infinity":27,"s:105:24:146:Infinity":28,"f:111:14:111:15":6,"s:111:26:122:Infinity":29,"f:114:56:114:57":7,"s:114:57:114:87":30,"b:114:77:114:84:114:84:114:86":9,"f:123:23:123:24":8,"s:123:35:123:Infinity":31,"f:129:18:129:19":9,"s:129:30:129:Infinity":32,"f:130:23:130:24":10,"s:130:35:130:Infinity":33,"f:136:18:136:19":11,"s:136:30:136:Infinity":34,"f:137:23:137:24":12,"s:137:35:137:Infinity":35,"f:143:18:143:19":13,"s:143:30:143:Infinity":36,"f:144:23:144:24":14,"s:144:35:144:Infinity":37,"s:148:4:152:Infinity":38}}}
,"C:\\Users\\fabri\\Desktop\\2 DAW\\DWEC\\ACTIVIDAD\\checkoutTiendaOnline\\src\\composables\\useWizardNavigation.ts": {"path":"C:\\Users\\fabri\\Desktop\\2 DAW\\DWEC\\ACTIVIDAD\\checkoutTiendaOnline\\src\\composables\\useWizardNavigation.ts","statementMap":{"0":{"start":{"line":3,"column":6},"end":{"line":3,"column":null}},"1":{"start":{"line":4,"column":19},"end":{"line":4,"column":null}},"2":{"start":{"line":7,"column":21},"end":{"line":9,"column":null}},"3":{"start":{"line":8,"column":8},"end":{"line":8,"column":null}},"4":{"start":{"line":8,"column":44},"end":{"line":8,"column":null}},"5":{"start":{"line":11,"column":21},"end":{"line":13,"column":null}},"6":{"start":{"line":12,"column":8},"end":{"line":12,"column":null}},"7":{"start":{"line":12,"column":35},"end":{"line":12,"column":null}},"8":{"start":{"line":15,"column":20},"end":{"line":17,"column":null}},"9":{"start":{"line":16,"column":8},"end":{"line":16,"column":null}},"10":{"start":{"line":16,"column":45},"end":{"line":16,"column":null}},"11":{"start":{"line":19,"column":4},"end":{"line":25,"column":null}}},"fnMap":{"0":{"name":"useWizardNavigation","decl":{"start":{"line":6,"column":16},"end":{"line":6,"column":38}},"loc":{"start":{"line":6,"column":38},"end":{"line":26,"column":null}},"line":6},"1":{"name":"(anonymous_1)","decl":{"start":{"line":7,"column":21},"end":{"line":7,"column":27}},"loc":{"start":{"line":7,"column":27},"end":{"line":9,"column":null}},"line":7},"2":{"name":"(anonymous_2)","decl":{"start":{"line":11,"column":21},"end":{"line":11,"column":27}},"loc":{"start":{"line":11,"column":27},"end":{"line":13,"column":null}},"line":11},"3":{"name":"(anonymous_3)","decl":{"start":{"line":15,"column":20},"end":{"line":15,"column":21}},"loc":{"start":{"line":15,"column":38},"end":{"line":17,"column":null}},"line":15}},"branchMap":{"0":{"loc":{"start":{"line":8,"column":8},"end":{"line":8,"column":null}},"type":"if","locations":[{"start":{"line":8,"column":8},"end":{"line":8,"column":null}},{"start":{},"end":{}}],"line":8},"1":{"loc":{"start":{"line":12,"column":8},"end":{"line":12,"column":null}},"type":"if","locations":[{"start":{"line":12,"column":8},"end":{"line":12,"column":null}},{"start":{},"end":{}}],"line":12},"2":{"loc":{"start":{"line":16,"column":8},"end":{"line":16,"column":null}},"type":"if","locations":[{"start":{"line":16,"column":8},"end":{"line":16,"column":null}},{"start":{},"end":{}}],"line":16},"3":{"loc":{"start":{"line":16,"column":12},"end":{"line":16,"column":45}},"type":"binary-expr","locations":[{"start":{"line":16,"column":12},"end":{"line":16,"column":25}},{"start":{"line":16,"column":25},"end":{"line":16,"column":45}}],"line":16}},"s":{"0":2,"1":2,"2":6,"3":3,"4":2,"5":6,"6":2,"7":1,"8":6,"9":2,"10":1,"11":6},"f":{"0":6,"1":3,"2":2,"3":2},"b":{"0":[2,1],"1":[1,1],"2":[1,1],"3":[2,2]},"meta":{"lastBranch":4,"lastFunction":4,"lastStatement":12,"seen":{"s:3:6:3:Infinity":0,"s:4:19:4:Infinity":1,"f:6:16:6:38":0,"s:7:21:9:Infinity":2,"f:7:21:7:27":1,"b:8:8:8:Infinity:undefined:undefined:undefined:undefined":0,"s:8:8:8:Infinity":3,"s:8:44:8:Infinity":4,"s:11:21:13:Infinity":5,"f:11:21:11:27":2,"b:12:8:12:Infinity:undefined:undefined:undefined:undefined":1,"s:12:8:12:Infinity":6,"s:12:35:12:Infinity":7,"s:15:20:17:Infinity":8,"f:15:20:15:21":3,"b:16:8:16:Infinity:undefined:undefined:undefined:undefined":2,"s:16:8:16:Infinity":9,"b:16:12:16:25:16:25:16:45":3,"s:16:45:16:Infinity":10,"s:19:4:25:Infinity":11}}}
,"C:\\Users\\fabri\\Desktop\\2 DAW\\DWEC\\ACTIVIDAD\\checkoutTiendaOnline\\src\\services\\checkoutService.ts": {"path":"C:\\Users\\fabri\\Desktop\\2 DAW\\DWEC\\ACTIVIDAD\\checkoutTiendaOnline\\src\\services\\checkoutService.ts","statementMap":{"0":{"start":{"line":1,"column":48},"end":{"line":5,"column":null}},"1":{"start":{"line":13,"column":35},"end":{"line":36,"column":null}},"2":{"start":{"line":14,"column":4},"end":{"line":35,"column":null}},"3":{"start":{"line":15,"column":8},"end":{"line":15,"column":null}},"4":{"start":{"line":17,"column":8},"end":{"line":34,"column":null}},"5":{"start":{"line":18,"column":34},"end":{"line":18,"column":null}},"6":{"start":{"line":19,"column":26},"end":{"line":19,"column":null}},"7":{"start":{"line":21,"column":8},"end":{"line":33,"column":null}},"8":{"start":{"line":22,"column":12},"end":{"line":26,"column":null}},"9":{"start":{"line":28,"column":12},"end":{"line":32,"column":null}}},"fnMap":{"0":{"name":"(anonymous_0)","decl":{"start":{"line":13,"column":35},"end":{"line":13,"column":36}},"loc":{"start":{"line":13,"column":84},"end":{"line":36,"column":null}},"line":13},"1":{"name":"(anonymous_1)","decl":{"start":{"line":14,"column":23},"end":{"line":14,"column":24}},"loc":{"start":{"line":14,"column":36},"end":{"line":35,"column":5}},"line":14},"2":{"name":"(anonymous_2)","decl":{"start":{"line":17,"column":19},"end":{"line":17,"column":25}},"loc":{"start":{"line":17,"column":25},"end":{"line":34,"column":11}},"line":17}},"branchMap":{"0":{"loc":{"start":{"line":21,"column":8},"end":{"line":33,"column":null}},"type":"if","locations":[{"start":{"line":21,"column":8},"end":{"line":33,"column":null}},{"start":{"line":27,"column":15},"end":{"line":33,"column":null}}],"line":21}},"s":{"0":3,"1":3,"2":3,"3":3,"4":3,"5":3,"6":3,"7":3,"8":2,"9":1},"f":{"0":3,"1":3,"2":3},"b":{"0":[2,1]},"meta":{"lastBranch":1,"lastFunction":3,"lastStatement":10,"seen":{"s:1:48:5:Infinity":0,"s:13:35:36:Infinity":1,"f:13:35:13:36":0,"s:14:4:35:Infinity":2,"f:14:23:14:24":1,"s:15:8:15:Infinity":3,"s:17:8:34:Infinity":4,"f:17:19:17:25":2,"s:18:34:18:Infinity":5,"s:19:26:19:Infinity":6,"b:21:8:33:Infinity:27:15:33:Infinity":0,"s:21:8:33:Infinity":7,"s:22:12:26:Infinity":8,"s:28:12:32:Infinity":9}}}
,"C:\\Users\\fabri\\Desktop\\2 DAW\\DWEC\\ACTIVIDAD\\checkoutTiendaOnline\\src\\services\\validationService.ts": {"path":"C:\\Users\\fabri\\Desktop\\2 DAW\\DWEC\\ACTIVIDAD\\checkoutTiendaOnline\\src\\services\\validationService.ts","statementMap":{"0":{"start":{"line":4,"column":83},"end":{"line":9,"column":null}},"1":{"start":{"line":17,"column":38},"end":{"line":32,"column":null}},"2":{"start":{"line":18,"column":4},"end":{"line":31,"column":null}},"3":{"start":{"line":19,"column":8},"end":{"line":19,"column":null}},"4":{"start":{"line":22,"column":8},"end":{"line":30,"column":null}},"5":{"start":{"line":23,"column":22},"end":{"line":23,"column":null}},"6":{"start":{"line":25,"column":8},"end":{"line":29,"column":null}},"7":{"start":{"line":26,"column":12},"end":{"line":26,"column":null}},"8":{"start":{"line":28,"column":12},"end":{"line":28,"column":null}}},"fnMap":{"0":{"name":"(anonymous_0)","decl":{"start":{"line":17,"column":38},"end":{"line":17,"column":39}},"loc":{"start":{"line":17,"column":76},"end":{"line":32,"column":null}},"line":17},"1":{"name":"(anonymous_1)","decl":{"start":{"line":18,"column":23},"end":{"line":18,"column":24}},"loc":{"start":{"line":18,"column":36},"end":{"line":31,"column":5}},"line":18},"2":{"name":"(anonymous_2)","decl":{"start":{"line":22,"column":19},"end":{"line":22,"column":25}},"loc":{"start":{"line":22,"column":25},"end":{"line":30,"column":11}},"line":22}},"branchMap":{"0":{"loc":{"start":{"line":25,"column":8},"end":{"line":29,"column":null}},"type":"if","locations":[{"start":{"line":25,"column":8},"end":{"line":29,"column":null}},{"start":{"line":27,"column":15},"end":{"line":29,"column":null}}],"line":25}},"s":{"0":5,"1":5,"2":5,"3":5,"4":5,"5":2,"6":2,"7":1,"8":1},"f":{"0":5,"1":5,"2":2},"b":{"0":[1,1]},"meta":{"lastBranch":1,"lastFunction":3,"lastStatement":9,"seen":{"s:4:83:9:Infinity":0,"s:17:38:32:Infinity":1,"f:17:38:17:39":0,"s:18:4:31:Infinity":2,"f:18:23:18:24":1,"s:19:8:19:Infinity":3,"s:22:8:30:Infinity":4,"f:22:19:22:25":2,"s:23:22:23:Infinity":5,"b:25:8:29:Infinity:27:15:29:Infinity":0,"s:25:8:29:Infinity":6,"s:26:12:26:Infinity":7,"s:28:12:28:Infinity":8}}}
,"C:\\Users\\fabri\\Desktop\\2 DAW\\DWEC\\ACTIVIDAD\\checkoutTiendaOnline\\src\\utils\\creditCard.ts": {"path":"C:\\Users\\fabri\\Desktop\\2 DAW\\DWEC\\ACTIVIDAD\\checkoutTiendaOnline\\src\\utils\\creditCard.ts","statementMap":{"0":{"start":{"line":4,"column":27},"end":{"line":28,"column":null}},"1":{"start":{"line":6,"column":14},"end":{"line":6,"column":null}},"2":{"start":{"line":9,"column":4},"end":{"line":9,"column":null}},"3":{"start":{"line":9,"column":43},"end":{"line":9,"column":null}},"4":{"start":{"line":11,"column":15},"end":{"line":11,"column":null}},"5":{"start":{"line":12,"column":23},"end":{"line":12,"column":null}},"6":{"start":{"line":15,"column":4},"end":{"line":25,"column":null}},"7":{"start":{"line":15,"column":17},"end":{"line":15,"column":31}},"8":{"start":{"line":16,"column":21},"end":{"line":16,"column":null}},"9":{"start":{"line":18,"column":8},"end":{"line":21,"column":null}},"10":{"start":{"line":19,"column":8},"end":{"line":19,"column":null}},"11":{"start":{"line":20,"column":8},"end":{"line":20,"column":null}},"12":{"start":{"line":20,"column":24},"end":{"line":20,"column":null}},"13":{"start":{"line":23,"column":8},"end":{"line":23,"column":null}},"14":{"start":{"line":24,"column":8},"end":{"line":24,"column":null}},"15":{"start":{"line":27,"column":4},"end":{"line":27,"column":null}},"16":{"start":{"line":31,"column":35},"end":{"line":39,"column":null}},"17":{"start":{"line":32,"column":14},"end":{"line":32,"column":null}},"18":{"start":{"line":34,"column":4},"end":{"line":34,"column":null}},"19":{"start":{"line":34,"column":22},"end":{"line":34,"column":null}},"20":{"start":{"line":35,"column":4},"end":{"line":35,"column":null}},"21":{"start":{"line":35,"column":27},"end":{"line":35,"column":null}},"22":{"start":{"line":36,"column":4},"end":{"line":36,"column":null}},"23":{"start":{"line":36,"column":26},"end":{"line":36,"column":null}},"24":{"start":{"line":38,"column":4},"end":{"line":38,"column":null}}},"fnMap":{"0":{"name":"(anonymous_0)","decl":{"start":{"line":4,"column":27},"end":{"line":4,"column":28}},"loc":{"start":{"line":4,"column":56},"end":{"line":28,"column":null}},"line":4},"1":{"name":"(anonymous_1)","decl":{"start":{"line":31,"column":35},"end":{"line":31,"column":36}},"loc":{"start":{"line":31,"column":79},"end":{"line":39,"column":null}},"line":31}},"branchMap":{"0":{"loc":{"start":{"line":9,"column":4},"end":{"line":9,"column":null}},"type":"if","locations":[{"start":{"line":9,"column":4},"end":{"line":9,"column":null}},{"start":{},"end":{}}],"line":9},"1":{"loc":{"start":{"line":9,"column":8},"end":{"line":9,"column":43}},"type":"binary-expr","locations":[{"start":{"line":9,"column":8},"end":{"line":9,"column":28}},{"start":{"line":9,"column":28},"end":{"line":9,"column":43}}],"line":9},"2":{"loc":{"start":{"line":18,"column":8},"end":{"line":21,"column":null}},"type":"if","locations":[{"start":{"line":18,"column":8},"end":{"line":21,"column":null}},{"start":{},"end":{}}],"line":18},"3":{"loc":{"start":{"line":20,"column":8},"end":{"line":20,"column":null}},"type":"if","locations":[{"start":{"line":20,"column":8},"end":{"line":20,"column":null}},{"start":{},"end":{}}],"line":20},"4":{"loc":{"start":{"line":34,"column":4},"end":{"line":34,"column":null}},"type":"if","locations":[{"start":{"line":34,"column":4},"end":{"line":34,"column":null}},{"start":{},"end":{}}],"line":34},"5":{"loc":{"start":{"line":35,"column":4},"end":{"line":35,"column":null}},"type":"if","locations":[{"start":{"line":35,"column":4},"end":{"line":35,"column":null}},{"start":{},"end":{}}],"line":35},"6":{"loc":{"start":{"line":36,"column":4},"end":{"line":36,"column":null}},"type":"if","locations":[{"start":{"line":36,"column":4},"end":{"line":36,"column":null}},{"start":{},"end":{}}],"line":36}},"s":{"0":5,"1":5,"2":5,"3":3,"4":2,"5":2,"6":2,"7":2,"8":32,"9":32,"10":16,"11":16,"12":6,"13":32,"14":32,"15":2,"16":5,"17":4,"18":4,"19":1,"20":3,"21":1,"22":2,"23":2,"24":1},"f":{"0":5,"1":4},"b":{"0":[3,2],"1":[5,3],"2":[16,16],"3":[6,10],"4":[1,3],"5":[1,2],"6":[1,1]},"meta":{"lastBranch":7,"lastFunction":2,"lastStatement":25,"seen":{"s:4:27:28:Infinity":0,"f:4:27:4:28":0,"s:6:14:6:Infinity":1,"b:9:4:9:Infinity:undefined:undefined:undefined:undefined":0,"s:9:4:9:Infinity":2,"b:9:8:9:28:9:28:9:43":1,"s:9:43:9:Infinity":3,"s:11:15:11:Infinity":4,"s:12:23:12:Infinity":5,"s:15:4:25:Infinity":6,"s:15:17:15:31":7,"s:16:21:16:Infinity":8,"b:18:8:21:Infinity:undefined:undefined:undefined:undefined":2,"s:18:8:21:Infinity":9,"s:19:8:19:Infinity":10,"b:20:8:20:Infinity:undefined:undefined:undefined:undefined":3,"s:20:8:20:Infinity":11,"s:20:24:20:Infinity":12,"s:23:8:23:Infinity":13,"s:24:8:24:Infinity":14,"s:27:4:27:Infinity":15,"s:31:35:39:Infinity":16,"f:31:35:31:36":1,"s:32:14:32:Infinity":17,"b:34:4:34:Infinity:undefined:undefined:undefined:undefined":4,"s:34:4:34:Infinity":18,"s:34:22:34:Infinity":19,"b:35:4:35:Infinity:undefined:undefined:undefined:undefined":5,"s:35:4:35:Infinity":20,"s:35:27:35:Infinity":21,"b:36:4:36:Infinity:undefined:undefined:undefined:undefined":6,"s:36:4:36:Infinity":22,"s:36:26:36:Infinity":23,"s:38:4:38:Infinity":24}}}
,"C:\\Users\\fabri\\Desktop\\2 DAW\\DWEC\\ACTIVIDAD\\checkoutTiendaOnline\\src\\utils\\formatters.ts": {"path":"C:\\Users\\fabri\\Desktop\\2 DAW\\DWEC\\ACTIVIDAD\\checkoutTiendaOnline\\src\\utils\\formatters.ts","statementMap":{"0":{"start":{"line":2,"column":30},"end":{"line":7,"column":null}},"1":{"start":{"line":3,"column":4},"end":{"line":6,"column":null}},"2":{"start":{"line":10,"column":38},"end":{"line":22,"column":null}},"3":{"start":{"line":12,"column":14},"end":{"line":12,"column":null}},"4":{"start":{"line":15,"column":18},"end":{"line":15,"column":null}},"5":{"start":{"line":16,"column":4},"end":{"line":18,"column":null}},"6":{"start":{"line":16,"column":17},"end":{"line":16,"column":20}},"7":{"start":{"line":17,"column":8},"end":{"line":17,"column":null}},"8":{"start":{"line":21,"column":4},"end":{"line":21,"column":null}},"9":{"start":{"line":25,"column":33},"end":{"line":32,"column":null}},"10":{"start":{"line":26,"column":14},"end":{"line":26,"column":null}},"11":{"start":{"line":27,"column":18},"end":{"line":27,"column":null}},"12":{"start":{"line":28,"column":4},"end":{"line":30,"column":null}},"13":{"start":{"line":29,"column":8},"end":{"line":29,"column":null}},"14":{"start":{"line":31,"column":4},"end":{"line":31,"column":null}}},"fnMap":{"0":{"name":"(anonymous_0)","decl":{"start":{"line":2,"column":30},"end":{"line":2,"column":31}},"loc":{"start":{"line":2,"column":57},"end":{"line":7,"column":null}},"line":2},"1":{"name":"(anonymous_1)","decl":{"start":{"line":10,"column":38},"end":{"line":10,"column":39}},"loc":{"start":{"line":10,"column":65},"end":{"line":22,"column":null}},"line":10},"2":{"name":"(anonymous_2)","decl":{"start":{"line":25,"column":33},"end":{"line":25,"column":34}},"loc":{"start":{"line":25,"column":60},"end":{"line":32,"column":null}},"line":25}},"branchMap":{"0":{"loc":{"start":{"line":21,"column":11},"end":{"line":21,"column":null}},"type":"cond-expr","locations":[{"start":{"line":21,"column":30},"end":{"line":21,"column":48}},{"start":{"line":21,"column":48},"end":{"line":21,"column":null}}],"line":21},"1":{"loc":{"start":{"line":28,"column":4},"end":{"line":30,"column":null}},"type":"if","locations":[{"start":{"line":28,"column":4},"end":{"line":30,"column":null}},{"start":{},"end":{}}],"line":28}},"s":{"0":4,"1":22,"2":4,"3":2,"4":2,"5":2,"6":2,"7":6,"8":2,"9":4,"10":0,"11":0,"12":0,"13":0,"14":0},"f":{"0":22,"1":2,"2":0},"b":{"0":[2,0],"1":[0,0]},"meta":{"lastBranch":2,"lastFunction":3,"lastStatement":15,"seen":{"s:2:30:7:Infinity":0,"f:2:30:2:31":0,"s:3:4:6:Infinity":1,"s:10:38:22:Infinity":2,"f:10:38:10:39":1,"s:12:14:12:Infinity":3,"s:15:18:15:Infinity":4,"s:16:4:18:Infinity":5,"s:16:17:16:20":6,"s:17:8:17:Infinity":7,"s:21:4:21:Infinity":8,"b:21:30:21:48:21:48:21:Infinity":0,"s:25:33:32:Infinity":9,"f:25:33:25:34":2,"s:26:14:26:Infinity":10,"s:27:18:27:Infinity":11,"b:28:4:30:Infinity:undefined:undefined:undefined:undefined":1,"s:28:4:30:Infinity":12,"s:29:8:29:Infinity":13,"s:31:4:31:Infinity":14}}}
}
